{"/Users/lanyu/zyd/ledger/ledger-live/libs/ledgerjs/packages/hw-app-trx/src/Trx.ts": {"path":"/Users/lanyu/zyd/ledger/ledger-live/libs/ledgerjs/packages/hw-app-trx/src/Trx.ts","statementMap":{"0":{"start":{"line":18,"column":0},"end":{"line":18,"column":59}},"1":{"start":{"line":20,"column":0},"end":{"line":20,"column":70}},"2":{"start":{"line":24,"column":38},"end":{"line":30,"column":1}},"3":{"start":{"line":25,"column":2},"end":{"line":27,"column":3}},"4":{"start":{"line":29,"column":2},"end":{"line":29,"column":11}},"5":{"start":{"line":32,"column":18},"end":{"line":32,"column":19}},"6":{"start":{"line":33,"column":26},"end":{"line":33,"column":27}},"7":{"start":{"line":34,"column":12},"end":{"line":34,"column":16}},"8":{"start":{"line":35,"column":16},"end":{"line":35,"column":20}},"9":{"start":{"line":36,"column":13},"end":{"line":36,"column":17}},"10":{"start":{"line":37,"column":18},"end":{"line":37,"column":22}},"11":{"start":{"line":38,"column":21},"end":{"line":38,"column":25}},"12":{"start":{"line":39,"column":47},"end":{"line":39,"column":51}},"13":{"start":{"line":40,"column":20},"end":{"line":40,"column":24}},"14":{"start":{"line":41,"column":16},"end":{"line":41,"column":20}},"15":{"start":{"line":42,"column":19},"end":{"line":42,"column":22}},"16":{"start":{"line":56,"column":4},"end":{"line":56,"column":33}},"17":{"start":{"line":60,"column":4},"end":{"line":60,"column":31}},"18":{"start":{"line":61,"column":4},"end":{"line":61,"column":33}},"19":{"start":{"line":62,"column":4},"end":{"line":76,"column":6}},"20":{"start":{"line":94,"column":18},"end":{"line":94,"column":33}},"21":{"start":{"line":95,"column":19},"end":{"line":95,"column":77}},"22":{"start":{"line":96,"column":4},"end":{"line":96,"column":29}},"23":{"start":{"line":97,"column":4},"end":{"line":99,"column":7}},"24":{"start":{"line":98,"column":6},"end":{"line":98,"column":51}},"25":{"start":{"line":100,"column":4},"end":{"line":112,"column":9}},"26":{"start":{"line":103,"column":32},"end":{"line":103,"column":43}},"27":{"start":{"line":104,"column":30},"end":{"line":104,"column":59}},"28":{"start":{"line":106,"column":8},"end":{"line":111,"column":10}},"29":{"start":{"line":116,"column":18},"end":{"line":116,"column":37}},"30":{"start":{"line":117,"column":17},"end":{"line":117,"column":44}},"31":{"start":{"line":118,"column":4},"end":{"line":118,"column":52}},"32":{"start":{"line":118,"column":36},"end":{"line":118,"column":52}},"33":{"start":{"line":119,"column":4},"end":{"line":119,"column":33}},"34":{"start":{"line":135,"column":18},"end":{"line":135,"column":33}},"35":{"start":{"line":136,"column":16},"end":{"line":136,"column":44}},"36":{"start":{"line":137,"column":29},"end":{"line":137,"column":31}},"37":{"start":{"line":138,"column":15},"end":{"line":138,"column":73}},"38":{"start":{"line":140,"column":4},"end":{"line":140,"column":27}},"39":{"start":{"line":141,"column":4},"end":{"line":143,"column":7}},"40":{"start":{"line":142,"column":6},"end":{"line":142,"column":49}},"41":{"start":{"line":145,"column":4},"end":{"line":159,"column":5}},"42":{"start":{"line":147,"column":21},"end":{"line":147,"column":46}},"43":{"start":{"line":148,"column":6},"end":{"line":148,"column":76}},"44":{"start":{"line":148,"column":31},"end":{"line":148,"column":76}},"45":{"start":{"line":150,"column":6},"end":{"line":154,"column":7}},"46":{"start":{"line":151,"column":8},"end":{"line":151,"column":26}},"47":{"start":{"line":152,"column":8},"end":{"line":152,"column":31}},"48":{"start":{"line":153,"column":8},"end":{"line":153,"column":17}},"49":{"start":{"line":157,"column":6},"end":{"line":157,"column":59}},"50":{"start":{"line":158,"column":6},"end":{"line":158,"column":48}},"51":{"start":{"line":161,"column":4},"end":{"line":161,"column":22}},"52":{"start":{"line":162,"column":33},"end":{"line":162,"column":35}},"53":{"start":{"line":164,"column":21},"end":{"line":164,"column":34}},"54":{"start":{"line":166,"column":4},"end":{"line":171,"column":5}},"55":{"start":{"line":167,"column":6},"end":{"line":170,"column":7}},"56":{"start":{"line":167,"column":19},"end":{"line":167,"column":20}},"57":{"start":{"line":168,"column":23},"end":{"line":168,"column":61}},"58":{"start":{"line":169,"column":8},"end":{"line":169,"column":28}},"59":{"start":{"line":174,"column":4},"end":{"line":192,"column":5}},"60":{"start":{"line":175,"column":6},"end":{"line":175,"column":28}},"61":{"start":{"line":177,"column":6},"end":{"line":177,"column":28}},"62":{"start":{"line":179,"column":6},"end":{"line":185,"column":7}},"63":{"start":{"line":179,"column":19},"end":{"line":179,"column":20}},"64":{"start":{"line":180,"column":8},"end":{"line":184,"column":9}},"65":{"start":{"line":181,"column":10},"end":{"line":181,"column":56}},"66":{"start":{"line":183,"column":10},"end":{"line":183,"column":32}},"67":{"start":{"line":187,"column":6},"end":{"line":191,"column":7}},"68":{"start":{"line":188,"column":8},"end":{"line":188,"column":68}},"69":{"start":{"line":190,"column":8},"end":{"line":190,"column":30}},"70":{"start":{"line":194,"column":4},"end":{"line":205,"column":6}},"71":{"start":{"line":195,"column":6},"end":{"line":197,"column":9}},"72":{"start":{"line":196,"column":8},"end":{"line":196,"column":32}},"73":{"start":{"line":200,"column":8},"end":{"line":200,"column":53}},"74":{"start":{"line":203,"column":8},"end":{"line":203,"column":47}},"75":{"start":{"line":218,"column":18},"end":{"line":218,"column":33}},"76":{"start":{"line":219,"column":15},"end":{"line":219,"column":73}},"77":{"start":{"line":220,"column":4},"end":{"line":220,"column":27}},"78":{"start":{"line":221,"column":4},"end":{"line":223,"column":7}},"79":{"start":{"line":222,"column":6},"end":{"line":222,"column":49}},"80":{"start":{"line":224,"column":4},"end":{"line":224,"column":67}},"81":{"start":{"line":225,"column":4},"end":{"line":227,"column":7}},"82":{"start":{"line":226,"column":6},"end":{"line":226,"column":51}},"83":{"start":{"line":253,"column":4},"end":{"line":281,"column":7}},"84":{"start":{"line":255,"column":25},"end":{"line":255,"column":53}},"85":{"start":{"line":257,"column":28},"end":{"line":257,"column":56}},"86":{"start":{"line":259,"column":26},"end":{"line":259,"column":54}},"87":{"start":{"line":261,"column":22},"end":{"line":261,"column":50}},"88":{"start":{"line":263,"column":6},"end":{"line":266,"column":7}},"89":{"start":{"line":264,"column":8},"end":{"line":264,"column":25}},"90":{"start":{"line":265,"column":8},"end":{"line":265,"column":30}},"91":{"start":{"line":268,"column":6},"end":{"line":270,"column":7}},"92":{"start":{"line":269,"column":8},"end":{"line":269,"column":32}},"93":{"start":{"line":272,"column":21},"end":{"line":279,"column":8}},"94":{"start":{"line":280,"column":6},"end":{"line":280,"column":20}},"95":{"start":{"line":294,"column":18},"end":{"line":294,"column":33}},"96":{"start":{"line":295,"column":20},"end":{"line":295,"column":50}},"97":{"start":{"line":296,"column":17},"end":{"line":296,"column":18}},"98":{"start":{"line":297,"column":29},"end":{"line":297,"column":31}},"99":{"start":{"line":298,"column":17},"end":{"line":298,"column":44}},"100":{"start":{"line":299,"column":21},"end":{"line":299,"column":58}},"101":{"start":{"line":300,"column":19},"end":{"line":300,"column":73}},"102":{"start":{"line":302,"column":4},"end":{"line":321,"column":5}},"103":{"start":{"line":304,"column":27},"end":{"line":304,"column":88}},"104":{"start":{"line":306,"column":8},"end":{"line":306,"column":85}},"105":{"start":{"line":307,"column":21},"end":{"line":307,"column":94}},"106":{"start":{"line":309,"column":6},"end":{"line":317,"column":7}},"107":{"start":{"line":310,"column":8},"end":{"line":310,"column":33}},"108":{"start":{"line":311,"column":8},"end":{"line":313,"column":11}},"109":{"start":{"line":312,"column":10},"end":{"line":312,"column":55}},"110":{"start":{"line":314,"column":8},"end":{"line":314,"column":78}},"111":{"start":{"line":316,"column":8},"end":{"line":316,"column":59}},"112":{"start":{"line":319,"column":6},"end":{"line":319,"column":26}},"113":{"start":{"line":320,"column":6},"end":{"line":320,"column":26}},"114":{"start":{"line":324,"column":4},"end":{"line":332,"column":7}},"115":{"start":{"line":325,"column":6},"end":{"line":329,"column":11}},"116":{"start":{"line":328,"column":10},"end":{"line":328,"column":34}},"117":{"start":{"line":331,"column":6},"end":{"line":331,"column":51}},"118":{"start":{"line":345,"column":18},"end":{"line":345,"column":33}},"119":{"start":{"line":346,"column":20},"end":{"line":346,"column":50}},"120":{"start":{"line":347,"column":17},"end":{"line":347,"column":18}},"121":{"start":{"line":348,"column":29},"end":{"line":348,"column":31}},"122":{"start":{"line":349,"column":17},"end":{"line":349,"column":44}},"123":{"start":{"line":350,"column":21},"end":{"line":350,"column":58}},"124":{"start":{"line":351,"column":19},"end":{"line":351,"column":73}},"125":{"start":{"line":353,"column":4},"end":{"line":372,"column":5}},"126":{"start":{"line":355,"column":27},"end":{"line":355,"column":88}},"127":{"start":{"line":357,"column":8},"end":{"line":357,"column":85}},"128":{"start":{"line":358,"column":21},"end":{"line":358,"column":94}},"129":{"start":{"line":360,"column":6},"end":{"line":368,"column":7}},"130":{"start":{"line":361,"column":8},"end":{"line":361,"column":33}},"131":{"start":{"line":362,"column":8},"end":{"line":364,"column":11}},"132":{"start":{"line":363,"column":10},"end":{"line":363,"column":55}},"133":{"start":{"line":365,"column":8},"end":{"line":365,"column":78}},"134":{"start":{"line":367,"column":8},"end":{"line":367,"column":59}},"135":{"start":{"line":370,"column":6},"end":{"line":370,"column":26}},"136":{"start":{"line":371,"column":6},"end":{"line":371,"column":26}},"137":{"start":{"line":375,"column":4},"end":{"line":383,"column":7}},"138":{"start":{"line":376,"column":6},"end":{"line":380,"column":11}},"139":{"start":{"line":379,"column":10},"end":{"line":379,"column":34}},"140":{"start":{"line":382,"column":6},"end":{"line":382,"column":51}},"141":{"start":{"line":392,"column":4},"end":{"line":392,"column":99}},"142":{"start":{"line":432,"column":4},"end":{"line":439,"column":6}},"143":{"start":{"line":451,"column":18},"end":{"line":451,"column":33}},"144":{"start":{"line":452,"column":17},"end":{"line":452,"column":46}},"145":{"start":{"line":453,"column":19},"end":{"line":453,"column":67}},"146":{"start":{"line":454,"column":4},"end":{"line":454,"column":29}},"147":{"start":{"line":455,"column":4},"end":{"line":457,"column":7}},"148":{"start":{"line":456,"column":6},"end":{"line":456,"column":51}},"149":{"start":{"line":458,"column":4},"end":{"line":458,"column":60}},"150":{"start":{"line":459,"column":4},"end":{"line":461,"column":63}},"151":{"start":{"line":461,"column":24},"end":{"line":461,"column":61}},"152":{"start":{"line":51,"column":0},"end":{"line":51,"column":21}}},"fnMap":{"0":{"name":"(anonymous_0)","decl":{"start":{"line":24,"column":38},"end":{"line":24,"column":39}},"loc":{"start":{"line":24,"column":42},"end":{"line":30,"column":1}}},"1":{"name":"(anonymous_1)","decl":{"start":{"line":55,"column":2},"end":{"line":55,"column":15}},"loc":{"start":{"line":55,"column":38},"end":{"line":57,"column":3}}},"2":{"name":"(anonymous_2)","decl":{"start":{"line":59,"column":2},"end":{"line":59,"column":14}},"loc":{"start":{"line":59,"column":84},"end":{"line":77,"column":3}}},"3":{"name":"(anonymous_3)","decl":{"start":{"line":87,"column":2},"end":{"line":87,"column":12}},"loc":{"start":{"line":89,"column":25},"end":{"line":113,"column":3}}},"4":{"name":"(anonymous_4)","decl":{"start":{"line":97,"column":18},"end":{"line":97,"column":19}},"loc":{"start":{"line":97,"column":37},"end":{"line":99,"column":5}}},"5":{"name":"(anonymous_5)","decl":{"start":{"line":102,"column":12},"end":{"line":102,"column":20}},"loc":{"start":{"line":102,"column":23},"end":{"line":112,"column":7}}},"6":{"name":"(anonymous_6)","decl":{"start":{"line":115,"column":2},"end":{"line":115,"column":15}},"loc":{"start":{"line":115,"column":26},"end":{"line":120,"column":3}}},"7":{"name":"(anonymous_7)","decl":{"start":{"line":134,"column":2},"end":{"line":134,"column":17}},"loc":{"start":{"line":134,"column":75},"end":{"line":206,"column":3}}},"8":{"name":"(anonymous_8)","decl":{"start":{"line":141,"column":18},"end":{"line":141,"column":19}},"loc":{"start":{"line":141,"column":37},"end":{"line":143,"column":5}}},"9":{"name":"(anonymous_9)","decl":{"start":{"line":194,"column":27},"end":{"line":194,"column":28}},"loc":{"start":{"line":194,"column":39},"end":{"line":198,"column":5}}},"10":{"name":"(anonymous_10)","decl":{"start":{"line":195,"column":76},"end":{"line":195,"column":88}},"loc":{"start":{"line":195,"column":91},"end":{"line":197,"column":7}}},"11":{"name":"(anonymous_11)","decl":{"start":{"line":199,"column":6},"end":{"line":199,"column":9}},"loc":{"start":{"line":199,"column":11},"end":{"line":201,"column":7}}},"12":{"name":"(anonymous_12)","decl":{"start":{"line":202,"column":6},"end":{"line":202,"column":7}},"loc":{"start":{"line":202,"column":10},"end":{"line":204,"column":7}}},"13":{"name":"(anonymous_13)","decl":{"start":{"line":217,"column":2},"end":{"line":217,"column":21}},"loc":{"start":{"line":217,"column":56},"end":{"line":228,"column":3}}},"14":{"name":"(anonymous_14)","decl":{"start":{"line":221,"column":18},"end":{"line":221,"column":19}},"loc":{"start":{"line":221,"column":37},"end":{"line":223,"column":5}}},"15":{"name":"(anonymous_15)","decl":{"start":{"line":225,"column":70},"end":{"line":225,"column":78}},"loc":{"start":{"line":225,"column":81},"end":{"line":227,"column":5}}},"16":{"name":"(anonymous_16)","decl":{"start":{"line":245,"column":2},"end":{"line":245,"column":21}},"loc":{"start":{"line":245,"column":21},"end":{"line":282,"column":3}}},"17":{"name":"(anonymous_17)","decl":{"start":{"line":253,"column":62},"end":{"line":253,"column":70}},"loc":{"start":{"line":253,"column":73},"end":{"line":281,"column":5}}},"18":{"name":"(anonymous_18)","decl":{"start":{"line":293,"column":2},"end":{"line":293,"column":21}},"loc":{"start":{"line":293,"column":54},"end":{"line":333,"column":3}}},"19":{"name":"(anonymous_19)","decl":{"start":{"line":311,"column":22},"end":{"line":311,"column":23}},"loc":{"start":{"line":311,"column":41},"end":{"line":313,"column":9}}},"20":{"name":"(anonymous_20)","decl":{"start":{"line":324,"column":27},"end":{"line":324,"column":28}},"loc":{"start":{"line":324,"column":39},"end":{"line":330,"column":5}}},"21":{"name":"(anonymous_21)","decl":{"start":{"line":327,"column":14},"end":{"line":327,"column":26}},"loc":{"start":{"line":327,"column":29},"end":{"line":329,"column":9}}},"22":{"name":"(anonymous_22)","decl":{"start":{"line":330,"column":12},"end":{"line":330,"column":15}},"loc":{"start":{"line":330,"column":17},"end":{"line":332,"column":5}}},"23":{"name":"(anonymous_23)","decl":{"start":{"line":344,"column":2},"end":{"line":344,"column":32}},"loc":{"start":{"line":344,"column":65},"end":{"line":384,"column":3}}},"24":{"name":"(anonymous_24)","decl":{"start":{"line":362,"column":22},"end":{"line":362,"column":23}},"loc":{"start":{"line":362,"column":41},"end":{"line":364,"column":9}}},"25":{"name":"(anonymous_25)","decl":{"start":{"line":375,"column":27},"end":{"line":375,"column":28}},"loc":{"start":{"line":375,"column":39},"end":{"line":381,"column":5}}},"26":{"name":"(anonymous_26)","decl":{"start":{"line":378,"column":14},"end":{"line":378,"column":26}},"loc":{"start":{"line":378,"column":29},"end":{"line":380,"column":9}}},"27":{"name":"(anonymous_27)","decl":{"start":{"line":381,"column":12},"end":{"line":381,"column":15}},"loc":{"start":{"line":381,"column":17},"end":{"line":383,"column":5}}},"28":{"name":"(anonymous_28)","decl":{"start":{"line":391,"column":2},"end":{"line":391,"column":25}},"loc":{"start":{"line":391,"column":96},"end":{"line":393,"column":3}}},"29":{"name":"(anonymous_29)","decl":{"start":{"line":426,"column":2},"end":{"line":426,"column":19}},"loc":{"start":{"line":430,"column":26},"end":{"line":440,"column":3}}},"30":{"name":"(anonymous_30)","decl":{"start":{"line":450,"column":2},"end":{"line":450,"column":16}},"loc":{"start":{"line":450,"column":48},"end":{"line":462,"column":3}}},"31":{"name":"(anonymous_31)","decl":{"start":{"line":455,"column":18},"end":{"line":455,"column":19}},"loc":{"start":{"line":455,"column":37},"end":{"line":457,"column":5}}},"32":{"name":"(anonymous_32)","decl":{"start":{"line":461,"column":12},"end":{"line":461,"column":20}},"loc":{"start":{"line":461,"column":24},"end":{"line":461,"column":61}}}},"branchMap":{"0":{"loc":{"start":{"line":25,"column":2},"end":{"line":27,"column":3}},"type":"if","locations":[{"start":{"line":25,"column":2},"end":{"line":27,"column":3}}]},"1":{"loc":{"start":{"line":25,"column":6},"end":{"line":25,"column":34}},"type":"binary-expr","locations":[{"start":{"line":25,"column":6},"end":{"line":25,"column":7}},{"start":{"line":25,"column":11},"end":{"line":25,"column":34}}]},"2":{"loc":{"start":{"line":59,"column":36},"end":{"line":59,"column":55}},"type":"default-arg","locations":[{"start":{"line":59,"column":50},"end":{"line":59,"column":55}}]},"3":{"loc":{"start":{"line":59,"column":57},"end":{"line":59,"column":84}},"type":"default-arg","locations":[{"start":{"line":59,"column":82},"end":{"line":59,"column":84}}]},"4":{"loc":{"start":{"line":101,"column":26},"end":{"line":101,"column":51}},"type":"cond-expr","locations":[{"start":{"line":101,"column":40},"end":{"line":101,"column":44}},{"start":{"line":101,"column":47},"end":{"line":101,"column":51}}]},"5":{"loc":{"start":{"line":118,"column":4},"end":{"line":118,"column":52}},"type":"if","locations":[{"start":{"line":118,"column":4},"end":{"line":118,"column":52}}]},"6":{"loc":{"start":{"line":148,"column":6},"end":{"line":148,"column":76}},"type":"if","locations":[{"start":{"line":148,"column":6},"end":{"line":148,"column":76}}]},"7":{"loc":{"start":{"line":150,"column":6},"end":{"line":154,"column":7}},"type":"if","locations":[{"start":{"line":150,"column":6},"end":{"line":154,"column":7}}]},"8":{"loc":{"start":{"line":166,"column":4},"end":{"line":171,"column":5}},"type":"if","locations":[{"start":{"line":166,"column":4},"end":{"line":171,"column":5}}]},"9":{"loc":{"start":{"line":174,"column":4},"end":{"line":192,"column":5}},"type":"if","locations":[{"start":{"line":174,"column":4},"end":{"line":192,"column":5}},{"start":{"line":176,"column":11},"end":{"line":192,"column":5}}]},"10":{"loc":{"start":{"line":180,"column":8},"end":{"line":184,"column":9}},"type":"if","locations":[{"start":{"line":180,"column":8},"end":{"line":184,"column":9}},{"start":{"line":182,"column":15},"end":{"line":184,"column":9}}]},"11":{"loc":{"start":{"line":187,"column":6},"end":{"line":191,"column":7}},"type":"if","locations":[{"start":{"line":187,"column":6},"end":{"line":191,"column":7}},{"start":{"line":189,"column":13},"end":{"line":191,"column":7}}]},"12":{"loc":{"start":{"line":187,"column":10},"end":{"line":187,"column":65}},"type":"binary-expr","locations":[{"start":{"line":187,"column":10},"end":{"line":187,"column":39}},{"start":{"line":187,"column":43},"end":{"line":187,"column":65}}]},"13":{"loc":{"start":{"line":263,"column":6},"end":{"line":266,"column":7}},"type":"if","locations":[{"start":{"line":263,"column":6},"end":{"line":266,"column":7}}]},"14":{"loc":{"start":{"line":263,"column":10},"end":{"line":263,"column":67}},"type":"binary-expr","locations":[{"start":{"line":263,"column":10},"end":{"line":263,"column":27}},{"start":{"line":263,"column":31},"end":{"line":263,"column":48}},{"start":{"line":263,"column":52},"end":{"line":263,"column":67}}]},"15":{"loc":{"start":{"line":268,"column":6},"end":{"line":270,"column":7}},"type":"if","locations":[{"start":{"line":268,"column":6},"end":{"line":270,"column":7}}]},"16":{"loc":{"start":{"line":268,"column":10},"end":{"line":268,"column":67}},"type":"binary-expr","locations":[{"start":{"line":268,"column":10},"end":{"line":268,"column":27}},{"start":{"line":268,"column":31},"end":{"line":268,"column":48}},{"start":{"line":268,"column":52},"end":{"line":268,"column":67}}]},"17":{"loc":{"start":{"line":304,"column":27},"end":{"line":304,"column":88}},"type":"cond-expr","locations":[{"start":{"line":304,"column":42},"end":{"line":304,"column":75}},{"start":{"line":304,"column":78},"end":{"line":304,"column":88}}]},"18":{"loc":{"start":{"line":306,"column":8},"end":{"line":306,"column":85}},"type":"cond-expr","locations":[{"start":{"line":306,"column":48},"end":{"line":306,"column":70}},{"start":{"line":306,"column":73},"end":{"line":306,"column":85}}]},"19":{"loc":{"start":{"line":307,"column":34},"end":{"line":307,"column":93}},"type":"cond-expr","locations":[{"start":{"line":307,"column":49},"end":{"line":307,"column":81}},{"start":{"line":307,"column":84},"end":{"line":307,"column":93}}]},"20":{"loc":{"start":{"line":309,"column":6},"end":{"line":317,"column":7}},"type":"if","locations":[{"start":{"line":309,"column":6},"end":{"line":317,"column":7}},{"start":{"line":315,"column":13},"end":{"line":317,"column":7}}]},"21":{"loc":{"start":{"line":326,"column":33},"end":{"line":326,"column":54}},"type":"cond-expr","locations":[{"start":{"line":326,"column":43},"end":{"line":326,"column":47}},{"start":{"line":326,"column":50},"end":{"line":326,"column":54}}]},"22":{"loc":{"start":{"line":355,"column":27},"end":{"line":355,"column":88}},"type":"cond-expr","locations":[{"start":{"line":355,"column":42},"end":{"line":355,"column":75}},{"start":{"line":355,"column":78},"end":{"line":355,"column":88}}]},"23":{"loc":{"start":{"line":357,"column":8},"end":{"line":357,"column":85}},"type":"cond-expr","locations":[{"start":{"line":357,"column":48},"end":{"line":357,"column":70}},{"start":{"line":357,"column":73},"end":{"line":357,"column":85}}]},"24":{"loc":{"start":{"line":358,"column":34},"end":{"line":358,"column":93}},"type":"cond-expr","locations":[{"start":{"line":358,"column":49},"end":{"line":358,"column":81}},{"start":{"line":358,"column":84},"end":{"line":358,"column":93}}]},"25":{"loc":{"start":{"line":360,"column":6},"end":{"line":368,"column":7}},"type":"if","locations":[{"start":{"line":360,"column":6},"end":{"line":368,"column":7}},{"start":{"line":366,"column":13},"end":{"line":368,"column":7}}]},"26":{"loc":{"start":{"line":377,"column":59},"end":{"line":377,"column":80}},"type":"cond-expr","locations":[{"start":{"line":377,"column":69},"end":{"line":377,"column":73}},{"start":{"line":377,"column":76},"end":{"line":377,"column":80}}]},"27":{"loc":{"start":{"line":429,"column":4},"end":{"line":429,"column":22}},"type":"default-arg","locations":[{"start":{"line":429,"column":17},"end":{"line":429,"column":22}}]},"28":{"loc":{"start":{"line":430,"column":4},"end":{"line":430,"column":26}},"type":"default-arg","locations":[{"start":{"line":430,"column":21},"end":{"line":430,"column":26}}]}},"s":{"0":3,"1":3,"2":3,"3":0,"4":0,"5":3,"6":3,"7":3,"8":3,"9":3,"10":3,"11":3,"12":3,"13":3,"14":3,"15":3,"16":0,"17":49,"18":49,"19":49,"20":1,"21":1,"22":1,"23":1,"24":5,"25":1,"26":1,"27":1,"28":1,"29":6,"30":6,"31":6,"32":2,"33":4,"34":1,"35":1,"36":1,"37":1,"38":1,"39":1,"40":5,"41":1,"42":6,"43":6,"44":0,"45":6,"46":0,"47":0,"48":0,"49":6,"50":6,"51":1,"52":1,"53":1,"54":1,"55":1,"56":1,"57":0,"58":0,"59":1,"60":1,"61":0,"62":0,"63":0,"64":0,"65":0,"66":0,"67":0,"68":0,"69":0,"70":1,"71":1,"72":1,"73":1,"74":0,"75":1,"76":1,"77":1,"78":1,"79":5,"80":1,"81":1,"82":1,"83":1,"84":1,"85":1,"86":1,"87":1,"88":1,"89":0,"90":0,"91":1,"92":0,"93":1,"94":1,"95":1,"96":1,"97":1,"98":1,"99":1,"100":1,"101":1,"102":1,"103":1,"104":1,"105":1,"106":1,"107":1,"108":1,"109":5,"110":1,"111":0,"112":1,"113":1,"114":1,"115":1,"116":1,"117":1,"118":0,"119":0,"120":0,"121":0,"122":0,"123":0,"124":0,"125":0,"126":0,"127":0,"128":0,"129":0,"130":0,"131":0,"132":0,"133":0,"134":0,"135":0,"136":0,"137":0,"138":0,"139":0,"140":0,"141":1,"142":42,"143":1,"144":1,"145":1,"146":1,"147":1,"148":5,"149":1,"150":1,"151":1,"152":3},"f":{"0":0,"1":0,"2":49,"3":1,"4":5,"5":1,"6":6,"7":1,"8":5,"9":1,"10":1,"11":1,"12":0,"13":1,"14":5,"15":1,"16":1,"17":1,"18":1,"19":5,"20":1,"21":1,"22":1,"23":0,"24":0,"25":0,"26":0,"27":0,"28":1,"29":42,"30":1,"31":5,"32":1},"b":{"0":[0],"1":[0,0],"2":[49],"3":[49],"4":[0,1],"5":[2],"6":[0],"7":[0],"8":[1],"9":[1,0],"10":[0,0],"11":[0,0],"12":[0,0],"13":[0],"14":[1,1,1],"15":[0],"16":[1,1,1],"17":[1,0],"18":[1,0],"19":[1,0],"20":[1,0],"21":[1,0],"22":[0,0],"23":[0,0],"24":[0,0],"25":[0,0],"26":[0,0],"27":[24],"28":[24]}}
,"/Users/lanyu/zyd/ledger/ledger-live/libs/ledgerjs/packages/hw-app-trx/src/utils.ts": {"path":"/Users/lanyu/zyd/ledger/ledger-live/libs/ledgerjs/packages/hw-app-trx/src/utils.ts","statementMap":{"0":{"start":{"line":24,"column":18},"end":{"line":27,"column":4}},"1":{"start":{"line":25,"column":4},"end":{"line":25,"column":22}},"2":{"start":{"line":26,"column":4},"end":{"line":26,"column":21}},"3":{"start":{"line":28,"column":2},"end":{"line":28,"column":49}},"4":{"start":{"line":28,"column":27},"end":{"line":28,"column":49}},"5":{"start":{"line":30,"column":2},"end":{"line":34,"column":4}},"6":{"start":{"line":22,"column":0},"end":{"line":22,"column":16}},"7":{"start":{"line":38,"column":27},"end":{"line":38,"column":29}},"8":{"start":{"line":39,"column":21},"end":{"line":39,"column":36}},"9":{"start":{"line":40,"column":2},"end":{"line":52,"column":5}},"10":{"start":{"line":41,"column":17},"end":{"line":41,"column":38}},"11":{"start":{"line":43,"column":4},"end":{"line":45,"column":5}},"12":{"start":{"line":44,"column":6},"end":{"line":44,"column":13}},"13":{"start":{"line":47,"column":4},"end":{"line":49,"column":5}},"14":{"start":{"line":48,"column":6},"end":{"line":48,"column":27}},"15":{"start":{"line":51,"column":4},"end":{"line":51,"column":24}},"16":{"start":{"line":53,"column":2},"end":{"line":53,"column":16}},"17":{"start":{"line":37,"column":0},"end":{"line":37,"column":16}},"18":{"start":{"line":57,"column":2},"end":{"line":57,"column":71}},"19":{"start":{"line":57,"column":30},"end":{"line":57,"column":50}},"20":{"start":{"line":57,"column":43},"end":{"line":57,"column":49}},"21":{"start":{"line":56,"column":0},"end":{"line":56,"column":16}},"22":{"start":{"line":64,"column":4},"end":{"line":70,"column":9}},"23":{"start":{"line":65,"column":6},"end":{"line":65,"column":20}},"24":{"start":{"line":67,"column":6},"end":{"line":70,"column":9}},"25":{"start":{"line":68,"column":8},"end":{"line":68,"column":25}},"26":{"start":{"line":69,"column":8},"end":{"line":69,"column":49}},"27":{"start":{"line":73,"column":2},"end":{"line":73,"column":59}},"28":{"start":{"line":73,"column":38},"end":{"line":73,"column":57}},"29":{"start":{"line":59,"column":0},"end":{"line":59,"column":16}},"30":{"start":{"line":76,"column":2},"end":{"line":80,"column":5}},"31":{"start":{"line":77,"column":4},"end":{"line":79,"column":5}},"32":{"start":{"line":78,"column":6},"end":{"line":78,"column":24}},"33":{"start":{"line":75,"column":0},"end":{"line":75,"column":16}},"34":{"start":{"line":87,"column":4},"end":{"line":94,"column":5}},"35":{"start":{"line":88,"column":6},"end":{"line":88,"column":20}},"36":{"start":{"line":90,"column":6},"end":{"line":93,"column":9}},"37":{"start":{"line":91,"column":8},"end":{"line":91,"column":25}},"38":{"start":{"line":92,"column":8},"end":{"line":92,"column":31}},"39":{"start":{"line":97,"column":2},"end":{"line":97,"column":43}},"40":{"start":{"line":82,"column":0},"end":{"line":82,"column":16}},"41":{"start":{"line":104,"column":15},"end":{"line":104,"column":16}},"42":{"start":{"line":105,"column":14},"end":{"line":105,"column":15}},"43":{"start":{"line":106,"column":12},"end":{"line":106,"column":17}},"44":{"start":{"line":109,"column":2},"end":{"line":123,"column":3}},"45":{"start":{"line":110,"column":14},"end":{"line":110,"column":25}},"46":{"start":{"line":111,"column":4},"end":{"line":111,"column":34}},"47":{"start":{"line":112,"column":4},"end":{"line":112,"column":13}},"48":{"start":{"line":114,"column":4},"end":{"line":120,"column":5}},"49":{"start":{"line":115,"column":6},"end":{"line":115,"column":27}},"50":{"start":{"line":116,"column":6},"end":{"line":119,"column":8}},"51":{"start":{"line":122,"column":4},"end":{"line":122,"column":15}},"52":{"start":{"line":125,"column":2},"end":{"line":125,"column":58}},"53":{"start":{"line":103,"column":0},"end":{"line":103,"column":16}},"54":{"start":{"line":128,"column":28},"end":{"line":130,"column":1}},"55":{"start":{"line":129,"column":2},"end":{"line":129,"column":42}},"56":{"start":{"line":128,"column":13},"end":{"line":128,"column":28}},"57":{"start":{"line":133,"column":27},"end":{"line":133,"column":68}},"58":{"start":{"line":134,"column":2},"end":{"line":134,"column":60}},"59":{"start":{"line":132,"column":0},"end":{"line":132,"column":16}}},"fnMap":{"0":{"name":"defer","decl":{"start":{"line":22,"column":16},"end":{"line":22,"column":21}},"loc":{"start":{"line":22,"column":21},"end":{"line":35,"column":1}}},"1":{"name":"(anonymous_1)","decl":{"start":{"line":24,"column":33},"end":{"line":24,"column":43}},"loc":{"start":{"line":24,"column":59},"end":{"line":27,"column":3}}},"2":{"name":"splitPath","decl":{"start":{"line":37,"column":16},"end":{"line":37,"column":25}},"loc":{"start":{"line":37,"column":38},"end":{"line":54,"column":1}}},"3":{"name":"(anonymous_3)","decl":{"start":{"line":40,"column":21},"end":{"line":40,"column":28}},"loc":{"start":{"line":40,"column":31},"end":{"line":52,"column":3}}},"4":{"name":"eachSeries","decl":{"start":{"line":56,"column":16},"end":{"line":56,"column":26}},"loc":{"start":{"line":56,"column":70},"end":{"line":58,"column":1}}},"5":{"name":"(anonymous_5)","decl":{"start":{"line":57,"column":20},"end":{"line":57,"column":21}},"loc":{"start":{"line":57,"column":30},"end":{"line":57,"column":50}}},"6":{"name":"(anonymous_6)","decl":{"start":{"line":57,"column":37},"end":{"line":57,"column":40}},"loc":{"start":{"line":57,"column":43},"end":{"line":57,"column":49}}},"7":{"name":"foreach","decl":{"start":{"line":59,"column":16},"end":{"line":59,"column":23}},"loc":{"start":{"line":61,"column":49},"end":{"line":74,"column":1}}},"8":{"name":"iterate","decl":{"start":{"line":63,"column":11},"end":{"line":63,"column":18}},"loc":{"start":{"line":63,"column":39},"end":{"line":71,"column":3}}},"9":{"name":"(anonymous_9)","decl":{"start":{"line":67,"column":48},"end":{"line":67,"column":58}},"loc":{"start":{"line":67,"column":61},"end":{"line":70,"column":7}}},"10":{"name":"(anonymous_10)","decl":{"start":{"line":73,"column":32},"end":{"line":73,"column":35}},"loc":{"start":{"line":73,"column":38},"end":{"line":73,"column":57}}},"11":{"name":"doIf","decl":{"start":{"line":75,"column":16},"end":{"line":75,"column":20}},"loc":{"start":{"line":75,"column":75},"end":{"line":81,"column":1}}},"12":{"name":"(anonymous_12)","decl":{"start":{"line":76,"column":32},"end":{"line":76,"column":35}},"loc":{"start":{"line":76,"column":37},"end":{"line":80,"column":3}}},"13":{"name":"asyncWhile","decl":{"start":{"line":82,"column":16},"end":{"line":82,"column":26}},"loc":{"start":{"line":84,"column":28},"end":{"line":98,"column":1}}},"14":{"name":"iterate","decl":{"start":{"line":86,"column":11},"end":{"line":86,"column":18}},"loc":{"start":{"line":86,"column":25},"end":{"line":95,"column":3}}},"15":{"name":"(anonymous_15)","decl":{"start":{"line":90,"column":29},"end":{"line":90,"column":32}},"loc":{"start":{"line":90,"column":35},"end":{"line":93,"column":7}}},"16":{"name":"decodeVarint","decl":{"start":{"line":103,"column":16},"end":{"line":103,"column":28}},"loc":{"start":{"line":103,"column":58},"end":{"line":126,"column":1}}},"17":{"name":"(anonymous_17)","decl":{"start":{"line":128,"column":28},"end":{"line":128,"column":29}},"loc":{"start":{"line":128,"column":44},"end":{"line":130,"column":1}}},"18":{"name":"hexBuffer","decl":{"start":{"line":132,"column":16},"end":{"line":132,"column":25}},"loc":{"start":{"line":132,"column":37},"end":{"line":135,"column":1}}}},"branchMap":{"0":{"loc":{"start":{"line":28,"column":2},"end":{"line":28,"column":49}},"type":"if","locations":[{"start":{"line":28,"column":2},"end":{"line":28,"column":49}}]},"1":{"loc":{"start":{"line":28,"column":6},"end":{"line":28,"column":25}},"type":"binary-expr","locations":[{"start":{"line":28,"column":6},"end":{"line":28,"column":14}},{"start":{"line":28,"column":18},"end":{"line":28,"column":25}}]},"2":{"loc":{"start":{"line":43,"column":4},"end":{"line":45,"column":5}},"type":"if","locations":[{"start":{"line":43,"column":4},"end":{"line":45,"column":5}}]},"3":{"loc":{"start":{"line":47,"column":4},"end":{"line":49,"column":5}},"type":"if","locations":[{"start":{"line":47,"column":4},"end":{"line":49,"column":5}}]},"4":{"loc":{"start":{"line":47,"column":8},"end":{"line":47,"column":65}},"type":"binary-expr","locations":[{"start":{"line":47,"column":8},"end":{"line":47,"column":26}},{"start":{"line":47,"column":30},"end":{"line":47,"column":65}}]},"5":{"loc":{"start":{"line":64,"column":4},"end":{"line":70,"column":9}},"type":"if","locations":[{"start":{"line":64,"column":4},"end":{"line":70,"column":9}},{"start":{"line":67,"column":6},"end":{"line":70,"column":9}}]},"6":{"loc":{"start":{"line":77,"column":4},"end":{"line":79,"column":5}},"type":"if","locations":[{"start":{"line":77,"column":4},"end":{"line":79,"column":5}}]},"7":{"loc":{"start":{"line":87,"column":4},"end":{"line":94,"column":5}},"type":"if","locations":[{"start":{"line":87,"column":4},"end":{"line":94,"column":5}},{"start":{"line":89,"column":11},"end":{"line":94,"column":5}}]},"8":{"loc":{"start":{"line":114,"column":4},"end":{"line":120,"column":5}},"type":"if","locations":[{"start":{"line":114,"column":4},"end":{"line":120,"column":5}}]},"9":{"loc":{"start":{"line":129,"column":9},"end":{"line":129,"column":41}},"type":"cond-expr","locations":[{"start":{"line":129,"column":26},"end":{"line":129,"column":35}},{"start":{"line":129,"column":38},"end":{"line":129,"column":41}}]},"10":{"loc":{"start":{"line":133,"column":27},"end":{"line":133,"column":68}},"type":"cond-expr","locations":[{"start":{"line":133,"column":50},"end":{"line":133,"column":62}},{"start":{"line":133,"column":65},"end":{"line":133,"column":68}}]}},"s":{"0":0,"1":0,"2":0,"3":0,"4":0,"5":0,"6":4,"7":48,"8":48,"9":48,"10":240,"11":240,"12":0,"13":240,"14":144,"15":240,"16":48,"17":4,"18":0,"19":0,"20":0,"21":4,"22":4,"23":2,"24":2,"25":2,"26":2,"27":2,"28":2,"29":4,"30":0,"31":0,"32":0,"33":4,"34":0,"35":0,"36":0,"37":0,"38":0,"39":0,"40":4,"41":12,"42":12,"43":12,"44":12,"45":22,"46":22,"47":22,"48":22,"49":12,"50":12,"51":10,"52":0,"53":4,"54":4,"55":393,"56":4,"57":66,"58":66,"59":4},"f":{"0":0,"1":0,"2":48,"3":240,"4":0,"5":0,"6":0,"7":2,"8":4,"9":2,"10":2,"11":0,"12":0,"13":0,"14":0,"15":0,"16":12,"17":393,"18":66},"b":{"0":[0],"1":[0,0],"2":[0],"3":[144],"4":[240,144],"5":[2,2],"6":[0],"7":[0,0],"8":[12],"9":[32,361],"10":[48,18]}}
,"/Users/lanyu/zyd/ledger/ledger-live/libs/ledgerjs/packages/hw-app-trx/src/TIP712/index.ts": {"path":"/Users/lanyu/zyd/ledger/ledger-live/libs/ledgerjs/packages/hw-app-trx/src/TIP712/index.ts","statementMap":{"0":{"start":{"line":3,"column":0},"end":{"line":3,"column":48}},"1":{"start":{"line":16,"column":0},"end":{"line":16,"column":89}},"2":{"start":{"line":17,"column":0},"end":{"line":17,"column":55}},"3":{"start":{"line":18,"column":0},"end":{"line":18,"column":null}},"4":{"start":{"line":31,"column":12},"end":{"line":31,"column":16}},"5":{"start":{"line":33,"column":39},"end":{"line":58,"column":1}},"6":{"start":{"line":39,"column":26},"end":{"line":39,"column":55}},"7":{"start":{"line":40,"column":21},"end":{"line":40,"column":52}},"8":{"start":{"line":41,"column":16},"end":{"line":41,"column":31}},"9":{"start":{"line":42,"column":17},"end":{"line":42,"column":64}},"10":{"start":{"line":44,"column":15},"end":{"line":44,"column":16}},"11":{"start":{"line":45,"column":2},"end":{"line":45,"column":27}},"12":{"start":{"line":46,"column":2},"end":{"line":48,"column":5}},"13":{"start":{"line":47,"column":4},"end":{"line":47,"column":49}},"14":{"start":{"line":50,"column":2},"end":{"line":50,"column":32}},"15":{"start":{"line":51,"column":2},"end":{"line":51,"column":39}},"16":{"start":{"line":52,"column":2},"end":{"line":52,"column":15}},"17":{"start":{"line":53,"column":2},"end":{"line":53,"column":34}},"18":{"start":{"line":55,"column":2},"end":{"line":57,"column":5}},"19":{"start":{"line":56,"column":4},"end":{"line":56,"column":49}},"20":{"start":{"line":33,"column":13},"end":{"line":33,"column":39}},"21":{"start":{"line":82,"column":39},"end":{"line":188,"column":1}},"22":{"start":{"line":97,"column":19},"end":{"line":97,"column":63}},"23":{"start":{"line":98,"column":2},"end":{"line":100,"column":3}},"24":{"start":{"line":99,"column":4},"end":{"line":99,"column":98}},"25":{"start":{"line":99,"column":57},"end":{"line":99,"column":91}},"26":{"start":{"line":104,"column":37},"end":{"line":185,"column":3}},"27":{"start":{"line":109,"column":40},"end":{"line":109,"column":54}},"28":{"start":{"line":110,"column":37},"end":{"line":110,"column":45}},"29":{"start":{"line":111,"column":25},"end":{"line":111,"column":92}},"30":{"start":{"line":113,"column":4},"end":{"line":184,"column":5}},"31":{"start":{"line":114,"column":6},"end":{"line":117,"column":9}},"32":{"start":{"line":119,"column":24},"end":{"line":119,"column":36}},"33":{"start":{"line":120,"column":6},"end":{"line":141,"column":7}},"34":{"start":{"line":122,"column":29},"end":{"line":122,"column":86}},"35":{"start":{"line":122,"column":57},"end":{"line":122,"column":85}},"36":{"start":{"line":123,"column":8},"end":{"line":140,"column":9}},"37":{"start":{"line":124,"column":10},"end":{"line":139,"column":11}},"38":{"start":{"line":125,"column":12},"end":{"line":127,"column":15}},"39":{"start":{"line":128,"column":12},"end":{"line":138,"column":15}},"40":{"start":{"line":143,"column":6},"end":{"line":145,"column":7}},"41":{"start":{"line":144,"column":8},"end":{"line":144,"column":89}},"42":{"start":{"line":146,"column":11},"end":{"line":184,"column":5}},"43":{"start":{"line":147,"column":6},"end":{"line":158,"column":7}},"44":{"start":{"line":148,"column":27},"end":{"line":148,"column":42}},"45":{"start":{"line":149,"column":26},"end":{"line":149,"column":76}},"46":{"start":{"line":151,"column":8},"end":{"line":157,"column":9}},"47":{"start":{"line":152,"column":10},"end":{"line":156,"column":12}},"48":{"start":{"line":160,"column":21},"end":{"line":160,"column":63}},"49":{"start":{"line":160,"column":47},"end":{"line":160,"column":62}},"50":{"start":{"line":162,"column":6},"end":{"line":174,"column":7}},"51":{"start":{"line":163,"column":8},"end":{"line":173,"column":11}},"52":{"start":{"line":176,"column":6},"end":{"line":183,"column":9}},"53":{"start":{"line":187,"column":2},"end":{"line":187,"column":36}},"54":{"start":{"line":200,"column":22},"end":{"line":223,"column":1}},"55":{"start":{"line":201,"column":2},"end":{"line":201,"column":null}},"56":{"start":{"line":202,"column":4},"end":{"line":202,"column":null}},"57":{"start":{"line":203,"column":4},"end":{"line":203,"column":null}},"58":{"start":{"line":204,"column":4},"end":{"line":204,"column":null}},"59":{"start":{"line":205,"column":4},"end":{"line":205,"column":null}},"60":{"start":{"line":206,"column":4},"end":{"line":206,"column":null}},"61":{"start":{"line":207,"column":4},"end":{"line":207,"column":null}},"62":{"start":{"line":210,"column":32},"end":{"line":210,"column":41}},"63":{"start":{"line":212,"column":4},"end":{"line":214,"column":25}},"64":{"start":{"line":216,"column":2},"end":{"line":222,"column":4}},"65":{"start":{"line":244,"column":25},"end":{"line":318,"column":1}},"66":{"start":{"line":248,"column":2},"end":{"line":248,"column":null}},"67":{"start":{"line":249,"column":4},"end":{"line":249,"column":null}},"68":{"start":{"line":250,"column":4},"end":{"line":250,"column":null}},"69":{"start":{"line":251,"column":4},"end":{"line":251,"column":null}},"70":{"start":{"line":252,"column":4},"end":{"line":252,"column":null}},"71":{"start":{"line":253,"column":4},"end":{"line":253,"column":null}},"72":{"start":{"line":254,"column":4},"end":{"line":254,"column":null}},"73":{"start":{"line":255,"column":4},"end":{"line":255,"column":null}},"74":{"start":{"line":258,"column":32},"end":{"line":258,"column":44}},"75":{"start":{"line":260,"column":2},"end":{"line":268,"column":3}},"76":{"start":{"line":261,"column":4},"end":{"line":267,"column":6}},"77":{"start":{"line":270,"column":2},"end":{"line":278,"column":3}},"78":{"start":{"line":271,"column":4},"end":{"line":277,"column":6}},"79":{"start":{"line":280,"column":2},"end":{"line":315,"column":3}},"80":{"start":{"line":281,"column":48},"end":{"line":281,"column":53}},"81":{"start":{"line":282,"column":39},"end":{"line":284,"column":null}},"82":{"start":{"line":287,"column":4},"end":{"line":314,"column":5}},"83":{"start":{"line":289,"column":34},"end":{"line":289,"column":70}},"84":{"start":{"line":291,"column":37},"end":{"line":291,"column":61}},"85":{"start":{"line":293,"column":19},"end":{"line":297,"column":8}},"86":{"start":{"line":299,"column":27},"end":{"line":301,"column":61}},"87":{"start":{"line":301,"column":23},"end":{"line":301,"column":60}},"88":{"start":{"line":303,"column":6},"end":{"line":313,"column":7}},"89":{"start":{"line":304,"column":8},"end":{"line":312,"column":10}},"90":{"start":{"line":317,"column":2},"end":{"line":317,"column":27}},"91":{"start":{"line":349,"column":2},"end":{"line":349,"column":null}},"92":{"start":{"line":350,"column":4},"end":{"line":350,"column":null}},"93":{"start":{"line":351,"column":4},"end":{"line":351,"column":null}},"94":{"start":{"line":352,"column":4},"end":{"line":352,"column":null}},"95":{"start":{"line":353,"column":4},"end":{"line":353,"column":null}},"96":{"start":{"line":354,"column":4},"end":{"line":354,"column":null}},"97":{"start":{"line":355,"column":4},"end":{"line":355,"column":null}},"98":{"start":{"line":356,"column":4},"end":{"line":356,"column":null}},"99":{"start":{"line":357,"column":4},"end":{"line":357,"column":null}},"100":{"start":{"line":358,"column":4},"end":{"line":358,"column":null}},"101":{"start":{"line":359,"column":4},"end":{"line":359,"column":null}},"102":{"start":{"line":360,"column":4},"end":{"line":360,"column":null}},"103":{"start":{"line":361,"column":4},"end":{"line":361,"column":null}},"104":{"start":{"line":364,"column":2},"end":{"line":493,"column":3}},"105":{"start":{"line":366,"column":6},"end":{"line":371,"column":8}},"106":{"start":{"line":374,"column":49},"end":{"line":374,"column":82}},"107":{"start":{"line":375,"column":47},"end":{"line":375,"column":98}},"108":{"start":{"line":376,"column":33},"end":{"line":376,"column":83}},"109":{"start":{"line":378,"column":22},"end":{"line":378,"column":87}},"110":{"start":{"line":379,"column":6},"end":{"line":385,"column":8}},"111":{"start":{"line":399,"column":10},"end":{"line":399,"column":40}},"112":{"start":{"line":400,"column":47},"end":{"line":400,"column":98}},"113":{"start":{"line":402,"column":6},"end":{"line":411,"column":7}},"114":{"start":{"line":403,"column":24},"end":{"line":403,"column":69}},"115":{"start":{"line":404,"column":8},"end":{"line":410,"column":10}},"116":{"start":{"line":413,"column":6},"end":{"line":413,"column":null}},"117":{"start":{"line":414,"column":8},"end":{"line":414,"column":null}},"118":{"start":{"line":415,"column":8},"end":{"line":415,"column":null}},"119":{"start":{"line":416,"column":8},"end":{"line":416,"column":null}},"120":{"start":{"line":417,"column":8},"end":{"line":417,"column":null}},"121":{"start":{"line":419,"column":29},"end":{"line":419,"column":47}},"122":{"start":{"line":420,"column":6},"end":{"line":435,"column":7}},"123":{"start":{"line":421,"column":44},"end":{"line":421,"column":70}},"124":{"start":{"line":422,"column":8},"end":{"line":434,"column":9}},"125":{"start":{"line":423,"column":26},"end":{"line":423,"column":96}},"126":{"start":{"line":424,"column":10},"end":{"line":433,"column":11}},"127":{"start":{"line":425,"column":29},"end":{"line":430,"column":null}},"128":{"start":{"line":432,"column":12},"end":{"line":432,"column":70}},"129":{"start":{"line":441,"column":41},"end":{"line":441,"column":79}},"130":{"start":{"line":442,"column":6},"end":{"line":450,"column":7}},"131":{"start":{"line":443,"column":26},"end":{"line":443,"column":48}},"132":{"start":{"line":444,"column":24},"end":{"line":444,"column":94}},"133":{"start":{"line":446,"column":8},"end":{"line":449,"column":9}},"134":{"start":{"line":447,"column":10},"end":{"line":447,"column":100}},"135":{"start":{"line":448,"column":10},"end":{"line":448,"column":56}},"136":{"start":{"line":452,"column":6},"end":{"line":454,"column":7}},"137":{"start":{"line":453,"column":8},"end":{"line":453,"column":42}},"138":{"start":{"line":456,"column":94},"end":{"line":461,"column":8}},"139":{"start":{"line":463,"column":22},"end":{"line":468,"column":null}},"140":{"start":{"line":470,"column":6},"end":{"line":476,"column":8}},"141":{"start":{"line":480,"column":23},"end":{"line":480,"column":56}},"142":{"start":{"line":481,"column":25},"end":{"line":481,"column":42}},"143":{"start":{"line":482,"column":31},"end":{"line":482,"column":86}},"144":{"start":{"line":484,"column":22},"end":{"line":484,"column":67}},"145":{"start":{"line":485,"column":6},"end":{"line":491,"column":8}},"146":{"start":{"line":529,"column":33},"end":{"line":656,"column":1}},"147":{"start":{"line":537,"column":2},"end":{"line":537,"column":null}},"148":{"start":{"line":538,"column":4},"end":{"line":538,"column":null}},"149":{"start":{"line":539,"column":4},"end":{"line":539,"column":null}},"150":{"start":{"line":540,"column":4},"end":{"line":540,"column":null}},"151":{"start":{"line":541,"column":4},"end":{"line":541,"column":null}},"152":{"start":{"line":542,"column":4},"end":{"line":542,"column":null}},"153":{"start":{"line":544,"column":65},"end":{"line":544,"column":77}},"154":{"start":{"line":545,"column":28},"end":{"line":545,"column":53}},"155":{"start":{"line":547,"column":16},"end":{"line":547,"column":77}},"156":{"start":{"line":549,"column":29},"end":{"line":549,"column":34}},"157":{"start":{"line":550,"column":35},"end":{"line":550,"column":39}},"158":{"start":{"line":551,"column":18},"end":{"line":553,"column":15}},"159":{"start":{"line":554,"column":28},"end":{"line":554,"column":90}},"160":{"start":{"line":556,"column":22},"end":{"line":556,"column":null}},"161":{"start":{"line":561,"column":2},"end":{"line":574,"column":3}},"162":{"start":{"line":562,"column":4},"end":{"line":565,"column":7}},"163":{"start":{"line":567,"column":4},"end":{"line":573,"column":5}},"164":{"start":{"line":568,"column":30},"end":{"line":568,"column":71}},"165":{"start":{"line":569,"column":6},"end":{"line":572,"column":9}},"166":{"start":{"line":576,"column":2},"end":{"line":578,"column":3}},"167":{"start":{"line":577,"column":4},"end":{"line":577,"column":63}},"168":{"start":{"line":580,"column":30},"end":{"line":582,"column":15}},"169":{"start":{"line":586,"column":37},"end":{"line":596,"column":4}},"170":{"start":{"line":600,"column":21},"end":{"line":600,"column":35}},"171":{"start":{"line":601,"column":2},"end":{"line":604,"column":5}},"172":{"start":{"line":605,"column":27},"end":{"line":605,"column":44}},"173":{"start":{"line":606,"column":2},"end":{"line":609,"column":3}},"174":{"start":{"line":607,"column":29},"end":{"line":607,"column":41}},"175":{"start":{"line":608,"column":4},"end":{"line":608,"column":95}},"176":{"start":{"line":611,"column":2},"end":{"line":619,"column":3}},"177":{"start":{"line":612,"column":37},"end":{"line":612,"column":44}},"178":{"start":{"line":613,"column":30},"end":{"line":617,"column":6}},"179":{"start":{"line":618,"column":4},"end":{"line":618,"column":86}},"180":{"start":{"line":623,"column":2},"end":{"line":626,"column":5}},"181":{"start":{"line":627,"column":28},"end":{"line":627,"column":46}},"182":{"start":{"line":628,"column":2},"end":{"line":635,"column":3}},"183":{"start":{"line":629,"column":29},"end":{"line":629,"column":42}},"184":{"start":{"line":630,"column":4},"end":{"line":634,"column":6}},"185":{"start":{"line":638,"column":16},"end":{"line":638,"column":31}},"186":{"start":{"line":639,"column":26},"end":{"line":639,"column":60}},"187":{"start":{"line":640,"column":2},"end":{"line":640,"column":36}},"188":{"start":{"line":641,"column":2},"end":{"line":643,"column":5}},"189":{"start":{"line":642,"column":4},"end":{"line":642,"column":58}},"190":{"start":{"line":645,"column":2},"end":{"line":655,"column":7}},"191":{"start":{"line":654,"column":6},"end":{"line":654,"column":51}},"192":{"start":{"line":529,"column":13},"end":{"line":529,"column":33}}},"fnMap":{"0":{"name":"(anonymous_0)","decl":{"start":{"line":33,"column":39},"end":{"line":33,"column":null}},"loc":{"start":{"line":38,"column":21},"end":{"line":58,"column":1}}},"1":{"name":"(anonymous_1)","decl":{"start":{"line":46,"column":16},"end":{"line":46,"column":17}},"loc":{"start":{"line":46,"column":35},"end":{"line":48,"column":3}}},"2":{"name":"(anonymous_2)","decl":{"start":{"line":55,"column":60},"end":{"line":55,"column":68}},"loc":{"start":{"line":55,"column":71},"end":{"line":57,"column":3}}},"3":{"name":"(anonymous_3)","decl":{"start":{"line":82,"column":39},"end":{"line":82,"column":40}},"loc":{"start":{"line":96,"column":22},"end":{"line":188,"column":1}}},"4":{"name":"(anonymous_4)","decl":{"start":{"line":99,"column":41},"end":{"line":99,"column":42}},"loc":{"start":{"line":99,"column":57},"end":{"line":99,"column":91}}},"5":{"name":"(anonymous_5)","decl":{"start":{"line":104,"column":37},"end":{"line":104,"column":42}},"loc":{"start":{"line":108,"column":6},"end":{"line":185,"column":3}}},"6":{"name":"(anonymous_6)","decl":{"start":{"line":122,"column":52},"end":{"line":122,"column":53}},"loc":{"start":{"line":122,"column":57},"end":{"line":122,"column":85}}},"7":{"name":"(anonymous_7)","decl":{"start":{"line":160,"column":42},"end":{"line":160,"column":43}},"loc":{"start":{"line":160,"column":47},"end":{"line":160,"column":62}}},"8":{"name":"(anonymous_8)","decl":{"start":{"line":200,"column":22},"end":{"line":200,"column":23}},"loc":{"start":{"line":200,"column":90},"end":{"line":223,"column":1}}},"9":{"name":"(anonymous_9)","decl":{"start":{"line":201,"column":2},"end":{"line":201,"column":7}},"loc":{"start":{"line":201,"column":18},"end":{"line":208,"column":3}}},"10":{"name":"(anonymous_10)","decl":{"start":{"line":244,"column":25},"end":{"line":244,"column":30}},"loc":{"start":{"line":247,"column":28},"end":{"line":318,"column":1}}},"11":{"name":"(anonymous_11)","decl":{"start":{"line":248,"column":2},"end":{"line":248,"column":7}},"loc":{"start":{"line":248,"column":18},"end":{"line":256,"column":3}}},"12":{"name":"(anonymous_12)","decl":{"start":{"line":301,"column":13},"end":{"line":301,"column":14}},"loc":{"start":{"line":301,"column":23},"end":{"line":301,"column":60}}},"13":{"name":"sendFilteringInfo","decl":{"start":{"line":343,"column":15},"end":{"line":343,"column":32}},"loc":{"start":{"line":347,"column":87},"end":{"line":494,"column":1}}},"14":{"name":"(anonymous_14)","decl":{"start":{"line":349,"column":2},"end":{"line":349,"column":7}},"loc":{"start":{"line":349,"column":18},"end":{"line":362,"column":3}}},"15":{"name":"(anonymous_15)","decl":{"start":{"line":413,"column":6},"end":{"line":413,"column":11}},"loc":{"start":{"line":413,"column":42},"end":{"line":418,"column":7}}},"16":{"name":"(anonymous_16)","decl":{"start":{"line":529,"column":33},"end":{"line":529,"column":38}},"loc":{"start":{"line":536,"column":21},"end":{"line":656,"column":1}}},"17":{"name":"(anonymous_17)","decl":{"start":{"line":537,"column":2},"end":{"line":537,"column":7}},"loc":{"start":{"line":537,"column":18},"end":{"line":543,"column":3}}},"18":{"name":"(anonymous_18)","decl":{"start":{"line":641,"column":16},"end":{"line":641,"column":17}},"loc":{"start":{"line":641,"column":35},"end":{"line":643,"column":3}}},"19":{"name":"(anonymous_19)","decl":{"start":{"line":653,"column":10},"end":{"line":653,"column":18}},"loc":{"start":{"line":653,"column":21},"end":{"line":655,"column":5}}}},"branchMap":{"0":{"loc":{"start":{"line":107,"column":4},"end":{"line":107,"column":13}},"type":"default-arg","locations":[{"start":{"line":107,"column":11},"end":{"line":107,"column":13}}]},"1":{"loc":{"start":{"line":111,"column":49},"end":{"line":111,"column":91}},"type":"binary-expr","locations":[{"start":{"line":111,"column":49},"end":{"line":111,"column":85}},{"start":{"line":111,"column":89},"end":{"line":111,"column":91}}]},"2":{"loc":{"start":{"line":113,"column":4},"end":{"line":184,"column":5}},"type":"if","locations":[{"start":{"line":113,"column":4},"end":{"line":184,"column":5}},{"start":{"line":146,"column":11},"end":{"line":184,"column":5}}]},"3":{"loc":{"start":{"line":113,"column":8},"end":{"line":113,"column":62}},"type":"binary-expr","locations":[{"start":{"line":113,"column":8},"end":{"line":113,"column":27}},{"start":{"line":113,"column":31},"end":{"line":113,"column":62}}]},"4":{"loc":{"start":{"line":120,"column":6},"end":{"line":141,"column":7}},"type":"if","locations":[{"start":{"line":120,"column":6},"end":{"line":141,"column":7}}]},"5":{"loc":{"start":{"line":123,"column":8},"end":{"line":140,"column":9}},"type":"if","locations":[{"start":{"line":123,"column":8},"end":{"line":140,"column":9}}]},"6":{"loc":{"start":{"line":123,"column":12},"end":{"line":123,"column":52}},"type":"binary-expr","locations":[{"start":{"line":123,"column":12},"end":{"line":123,"column":24}},{"start":{"line":123,"column":28},"end":{"line":123,"column":52}}]},"7":{"loc":{"start":{"line":146,"column":11},"end":{"line":184,"column":5}},"type":"if","locations":[{"start":{"line":146,"column":11},"end":{"line":184,"column":5}},{"start":{"line":159,"column":11},"end":{"line":184,"column":5}}]},"8":{"loc":{"start":{"line":147,"column":51},"end":{"line":147,"column":78}},"type":"binary-expr","locations":[{"start":{"line":147,"column":51},"end":{"line":147,"column":72}},{"start":{"line":147,"column":76},"end":{"line":147,"column":78}}]},"9":{"loc":{"start":{"line":149,"column":35},"end":{"line":149,"column":62}},"type":"binary-expr","locations":[{"start":{"line":149,"column":35},"end":{"line":149,"column":56}},{"start":{"line":149,"column":60},"end":{"line":149,"column":62}}]},"10":{"loc":{"start":{"line":151,"column":8},"end":{"line":157,"column":9}},"type":"if","locations":[{"start":{"line":151,"column":8},"end":{"line":157,"column":9}}]},"11":{"loc":{"start":{"line":162,"column":6},"end":{"line":174,"column":7}},"type":"if","locations":[{"start":{"line":162,"column":6},"end":{"line":174,"column":7}}]},"12":{"loc":{"start":{"line":180,"column":16},"end":{"line":180,"column":43}},"type":"binary-expr","locations":[{"start":{"line":180,"column":16},"end":{"line":180,"column":37}},{"start":{"line":180,"column":41},"end":{"line":180,"column":43}}]},"13":{"loc":{"start":{"line":201,"column":7},"end":{"line":201,"column":null}},"type":"binary-expr","locations":[{"start":{"line":201,"column":7},"end":{"line":201,"column":18}},{"start":{"line":201,"column":7},"end":{"line":201,"column":null}}]},"14":{"loc":{"start":{"line":212,"column":4},"end":{"line":214,"column":25}},"type":"cond-expr","locations":[{"start":{"line":213,"column":8},"end":{"line":213,"column":35}},{"start":{"line":214,"column":9},"end":{"line":214,"column":25}}]},"15":{"loc":{"start":{"line":212,"column":4},"end":{"line":212,"column":54}},"type":"binary-expr","locations":[{"start":{"line":212,"column":4},"end":{"line":212,"column":25}},{"start":{"line":212,"column":29},"end":{"line":212,"column":54}}]},"16":{"loc":{"start":{"line":220,"column":4},"end":{"line":220,"column":70}},"type":"cond-expr","locations":[{"start":{"line":220,"column":28},"end":{"line":220,"column":47}},{"start":{"line":220,"column":50},"end":{"line":220,"column":70}}]},"17":{"loc":{"start":{"line":248,"column":7},"end":{"line":248,"column":null}},"type":"binary-expr","locations":[{"start":{"line":248,"column":7},"end":{"line":248,"column":18}},{"start":{"line":248,"column":7},"end":{"line":248,"column":null}}]},"18":{"loc":{"start":{"line":260,"column":2},"end":{"line":268,"column":3}},"type":"if","locations":[{"start":{"line":260,"column":2},"end":{"line":268,"column":3}}]},"19":{"loc":{"start":{"line":270,"column":2},"end":{"line":278,"column":3}},"type":"if","locations":[{"start":{"line":270,"column":2},"end":{"line":278,"column":3}}]},"20":{"loc":{"start":{"line":280,"column":2},"end":{"line":315,"column":3}},"type":"if","locations":[{"start":{"line":280,"column":2},"end":{"line":315,"column":3}}]},"21":{"loc":{"start":{"line":287,"column":4},"end":{"line":314,"column":5}},"type":"if","locations":[{"start":{"line":287,"column":4},"end":{"line":314,"column":5}}]},"22":{"loc":{"start":{"line":307,"column":10},"end":{"line":309,"column":37}},"type":"cond-expr","locations":[{"start":{"line":308,"column":14},"end":{"line":308,"column":36}},{"start":{"line":309,"column":14},"end":{"line":309,"column":37}}]},"23":{"loc":{"start":{"line":349,"column":7},"end":{"line":349,"column":null}},"type":"binary-expr","locations":[{"start":{"line":349,"column":7},"end":{"line":349,"column":18}},{"start":{"line":349,"column":7},"end":{"line":349,"column":null}}]},"24":{"loc":{"start":{"line":364,"column":2},"end":{"line":493,"column":3}},"type":"switch","locations":[{"start":{"line":365,"column":4},"end":{"line":371,"column":8}},{"start":{"line":373,"column":4},"end":{"line":386,"column":5}},{"start":{"line":388,"column":4},"end":{"line":477,"column":5}},{"start":{"line":479,"column":4},"end":{"line":492,"column":5}}]},"25":{"loc":{"start":{"line":402,"column":6},"end":{"line":411,"column":7}},"type":"if","locations":[{"start":{"line":402,"column":6},"end":{"line":411,"column":7}}]},"26":{"loc":{"start":{"line":413,"column":11},"end":{"line":413,"column":null}},"type":"binary-expr","locations":[{"start":{"line":413,"column":11},"end":{"line":413,"column":42}},{"start":{"line":413,"column":11},"end":{"line":413,"column":null}}]},"27":{"loc":{"start":{"line":420,"column":6},"end":{"line":435,"column":7}},"type":"if","locations":[{"start":{"line":420,"column":6},"end":{"line":435,"column":7}}]},"28":{"loc":{"start":{"line":420,"column":10},"end":{"line":420,"column":49}},"type":"binary-expr","locations":[{"start":{"line":420,"column":10},"end":{"line":420,"column":24}},{"start":{"line":420,"column":28},"end":{"line":420,"column":49}}]},"29":{"loc":{"start":{"line":422,"column":8},"end":{"line":434,"column":9}},"type":"if","locations":[{"start":{"line":422,"column":8},"end":{"line":434,"column":9}}]},"30":{"loc":{"start":{"line":424,"column":10},"end":{"line":433,"column":11}},"type":"if","locations":[{"start":{"line":424,"column":10},"end":{"line":433,"column":11}}]},"31":{"loc":{"start":{"line":441,"column":41},"end":{"line":441,"column":79}},"type":"binary-expr","locations":[{"start":{"line":441,"column":41},"end":{"line":441,"column":60}},{"start":{"line":441,"column":64},"end":{"line":441,"column":79}}]},"32":{"loc":{"start":{"line":442,"column":6},"end":{"line":450,"column":7}},"type":"if","locations":[{"start":{"line":442,"column":6},"end":{"line":450,"column":7}}]},"33":{"loc":{"start":{"line":446,"column":8},"end":{"line":449,"column":9}},"type":"if","locations":[{"start":{"line":446,"column":8},"end":{"line":449,"column":9}}]},"34":{"loc":{"start":{"line":452,"column":6},"end":{"line":454,"column":7}},"type":"if","locations":[{"start":{"line":452,"column":6},"end":{"line":454,"column":7}}]},"35":{"loc":{"start":{"line":473,"column":8},"end":{"line":473,"column":72}},"type":"cond-expr","locations":[{"start":{"line":473,"column":22},"end":{"line":473,"column":46}},{"start":{"line":473,"column":49},"end":{"line":473,"column":72}}]},"36":{"loc":{"start":{"line":533,"column":2},"end":{"line":533,"column":20}},"type":"default-arg","locations":[{"start":{"line":533,"column":15},"end":{"line":533,"column":20}}]},"37":{"loc":{"start":{"line":535,"column":2},"end":{"line":535,"column":24}},"type":"default-arg","locations":[{"start":{"line":535,"column":19},"end":{"line":535,"column":24}}]},"38":{"loc":{"start":{"line":537,"column":7},"end":{"line":537,"column":null}},"type":"binary-expr","locations":[{"start":{"line":537,"column":7},"end":{"line":537,"column":18}},{"start":{"line":537,"column":7},"end":{"line":537,"column":null}}]},"39":{"loc":{"start":{"line":551,"column":18},"end":{"line":553,"column":15}},"type":"cond-expr","locations":[{"start":{"line":552,"column":6},"end":{"line":552,"column":81}},{"start":{"line":553,"column":6},"end":{"line":553,"column":15}}]},"40":{"loc":{"start":{"line":576,"column":2},"end":{"line":578,"column":3}},"type":"if","locations":[{"start":{"line":576,"column":2},"end":{"line":578,"column":3}}]},"41":{"loc":{"start":{"line":580,"column":30},"end":{"line":582,"column":15}},"type":"cond-expr","locations":[{"start":{"line":581,"column":6},"end":{"line":581,"column":68}},{"start":{"line":582,"column":6},"end":{"line":582,"column":15}}]},"42":{"loc":{"start":{"line":581,"column":48},"end":{"line":581,"column":67}},"type":"binary-expr","locations":[{"start":{"line":581,"column":48},"end":{"line":581,"column":62}},{"start":{"line":581,"column":66},"end":{"line":581,"column":67}}]},"43":{"loc":{"start":{"line":589,"column":13},"end":{"line":589,"column":32}},"type":"binary-expr","locations":[{"start":{"line":589,"column":13},"end":{"line":589,"column":27}},{"start":{"line":589,"column":31},"end":{"line":589,"column":32}}]},"44":{"loc":{"start":{"line":611,"column":2},"end":{"line":619,"column":3}},"type":"if","locations":[{"start":{"line":611,"column":2},"end":{"line":619,"column":3}}]},"45":{"loc":{"start":{"line":650,"column":6},"end":{"line":650,"column":58}},"type":"cond-expr","locations":[{"start":{"line":650,"column":19},"end":{"line":650,"column":36}},{"start":{"line":650,"column":39},"end":{"line":650,"column":58}}]}},"s":{"0":3,"1":3,"2":3,"3":3,"4":3,"5":3,"6":1,"7":1,"8":1,"9":1,"10":1,"11":1,"12":1,"13":5,"14":1,"15":1,"16":1,"17":1,"18":1,"19":1,"20":3,"21":3,"22":42,"23":42,"24":126,"25":468,"26":42,"27":729,"28":729,"29":729,"30":729,"31":91,"32":91,"33":91,"34":2,"35":6,"36":2,"37":2,"38":2,"39":2,"40":91,"41":195,"42":638,"43":73,"44":176,"45":176,"46":176,"47":176,"48":565,"49":1046,"50":565,"51":122,"52":565,"53":42,"54":3,"55":594,"56":594,"57":594,"58":594,"59":594,"60":594,"61":594,"62":594,"63":594,"64":594,"65":3,"66":740,"67":740,"68":740,"69":740,"70":740,"71":740,"72":740,"73":740,"74":740,"75":740,"76":84,"77":656,"78":91,"79":565,"80":565,"81":565,"82":565,"83":565,"84":565,"85":565,"86":565,"87":575,"88":565,"89":575,"90":565,"91":170,"92":170,"93":170,"94":170,"95":170,"96":170,"97":170,"98":170,"99":170,"100":170,"101":170,"102":170,"103":170,"104":170,"105":22,"106":22,"107":22,"108":22,"109":22,"110":22,"111":124,"112":124,"113":124,"114":0,"115":0,"116":124,"117":124,"118":124,"119":124,"120":124,"121":124,"122":124,"123":5,"124":5,"125":5,"126":5,"127":5,"128":5,"129":124,"130":124,"131":1,"132":1,"133":1,"134":1,"135":1,"136":124,"137":0,"138":124,"139":124,"140":124,"141":2,"142":2,"143":2,"144":2,"145":2,"146":3,"147":42,"148":42,"149":42,"150":42,"151":42,"152":42,"153":42,"154":42,"155":42,"156":42,"157":42,"158":42,"159":42,"160":42,"161":42,"162":126,"163":126,"164":468,"165":468,"166":42,"167":22,"168":42,"169":42,"170":42,"171":42,"172":42,"173":42,"174":146,"175":146,"176":42,"177":22,"178":22,"179":22,"180":42,"181":42,"182":42,"183":212,"184":212,"185":42,"186":42,"187":42,"188":42,"189":210,"190":42,"191":42,"192":3},"f":{"0":1,"1":5,"2":1,"3":42,"4":468,"5":729,"6":6,"7":1046,"8":594,"9":594,"10":740,"11":740,"12":575,"13":170,"14":170,"15":124,"16":42,"17":42,"18":210,"19":42},"b":{"0":[146],"1":[729,0],"2":[91,638],"3":[729,91],"4":[2],"5":[2],"6":[2,2],"7":[73,565],"8":[73,0],"9":[176,0],"10":[176],"11":[122],"12":[565,0],"13":[594,594],"14":[126,468],"15":[594,126],"16":[126,468],"17":[740,740],"18":[84],"19":[91],"20":[565],"21":[565],"22":[10,565],"23":[170,170],"24":[22,22,124,2],"25":[0],"26":[124,124],"27":[5],"28":[124,5],"29":[5],"30":[5],"31":[124,6],"32":[1],"33":[1],"34":[0],"35":[2,122],"36":[0],"37":[0],"38":[42,42],"39":[24,18],"40":[22],"41":[42,0],"42":[42,8],"43":[42,8],"44":[22],"45":[0,42]}}
,"/Users/lanyu/zyd/ledger/ledger-live/libs/ledgerjs/packages/hw-app-trx/src/TIP712/tip712.ts": {"path":"/Users/lanyu/zyd/ledger/ledger-live/libs/ledgerjs/packages/hw-app-trx/src/TIP712/tip712.ts","statementMap":{"0":{"start":{"line":1,"column":0},"end":{"line":1,"column":35}},"1":{"start":{"line":2,"column":0},"end":{"line":2,"column":9}},"2":{"start":{"line":2,"column":9},"end":{"line":2,"column":24}},"3":{"start":{"line":3,"column":0},"end":{"line":3,"column":22}}},"fnMap":{"0":{"name":"(anonymous_1)","decl":{"start":{"line":2,"column":9},"end":{"line":2,"column":16}},"loc":{"start":{"line":2,"column":9},"end":{"line":2,"column":24}}}},"branchMap":{},"s":{"0":3,"1":3,"2":3,"3":3},"f":{"0":0},"b":{}}
,"/Users/lanyu/zyd/ledger/ledger-live/libs/ledgerjs/packages/hw-app-trx/src/TIP712/utils.ts": {"path":"/Users/lanyu/zyd/ledger/ledger-live/libs/ledgerjs/packages/hw-app-trx/src/TIP712/utils.ts","statementMap":{"0":{"start":{"line":1,"column":0},"end":{"line":1,"column":37}},"1":{"start":{"line":2,"column":0},"end":{"line":2,"column":38}},"2":{"start":{"line":3,"column":0},"end":{"line":3,"column":26}},"3":{"start":{"line":11,"column":0},"end":{"line":11,"column":33}},"4":{"start":{"line":12,"column":0},"end":{"line":12,"column":55}},"5":{"start":{"line":15,"column":40},"end":{"line":31,"column":1}},"6":{"start":{"line":16,"column":15},"end":{"line":16,"column":38}},"7":{"start":{"line":18,"column":2},"end":{"line":30,"column":9}},"8":{"start":{"line":19,"column":18},"end":{"line":26,"column":8}},"9":{"start":{"line":20,"column":6},"end":{"line":24,"column":7}},"10":{"start":{"line":21,"column":8},"end":{"line":23,"column":10}},"11":{"start":{"line":22,"column":10},"end":{"line":22,"column":68}},"12":{"start":{"line":25,"column":6},"end":{"line":25,"column":23}},"13":{"start":{"line":28,"column":5},"end":{"line":28,"column":51}},"14":{"start":{"line":29,"column":4},"end":{"line":29,"column":15}},"15":{"start":{"line":15,"column":13},"end":{"line":15,"column":40}},"16":{"start":{"line":33,"column":39},"end":{"line":38,"column":1}},"17":{"start":{"line":34,"column":20},"end":{"line":34,"column":27}},"18":{"start":{"line":35,"column":22},"end":{"line":35,"column":53}},"19":{"start":{"line":37,"column":2},"end":{"line":37,"column":73}},"20":{"start":{"line":33,"column":13},"end":{"line":33,"column":39}},"21":{"start":{"line":47,"column":36},"end":{"line":87,"column":1}},"22":{"start":{"line":52,"column":21},"end":{"line":52,"column":53}},"23":{"start":{"line":54,"column":28},"end":{"line":54,"column":91}},"24":{"start":{"line":55,"column":2},"end":{"line":86,"column":3}},"25":{"start":{"line":56,"column":4},"end":{"line":79,"column":5}},"26":{"start":{"line":57,"column":23},"end":{"line":64,"column":8}},"27":{"start":{"line":67,"column":27},"end":{"line":68,"column":null}},"28":{"start":{"line":68,"column":16},"end":{"line":68,"column":74}},"29":{"start":{"line":71,"column":22},"end":{"line":71,"column":88}},"30":{"start":{"line":73,"column":6},"end":{"line":76,"column":7}},"31":{"start":{"line":75,"column":8},"end":{"line":75,"column":51}},"32":{"start":{"line":78,"column":6},"end":{"line":78,"column":21}},"33":{"start":{"line":81,"column":4},"end":{"line":81,"column":47}},"34":{"start":{"line":83,"column":22},"end":{"line":83,"column":90}},"35":{"start":{"line":85,"column":4},"end":{"line":85,"column":76}},"36":{"start":{"line":47,"column":13},"end":{"line":47,"column":36}},"37":{"start":{"line":100,"column":35},"end":{"line":135,"column":1}},"38":{"start":{"line":105,"column":91},"end":{"line":105,"column":93}},"39":{"start":{"line":106,"column":2},"end":{"line":106,"column":63}},"40":{"start":{"line":106,"column":38},"end":{"line":106,"column":63}},"41":{"start":{"line":108,"column":23},"end":{"line":110,"column":58}},"42":{"start":{"line":109,"column":28},"end":{"line":109,"column":46}},"43":{"start":{"line":110,"column":20},"end":{"line":110,"column":57}},"44":{"start":{"line":111,"column":17},"end":{"line":118,"column":8}},"45":{"start":{"line":112,"column":18},"end":{"line":112,"column":56}},"46":{"start":{"line":113,"column":4},"end":{"line":115,"column":5}},"47":{"start":{"line":114,"column":6},"end":{"line":114,"column":81}},"48":{"start":{"line":117,"column":4},"end":{"line":117,"column":58}},"49":{"start":{"line":119,"column":2},"end":{"line":121,"column":3}},"50":{"start":{"line":120,"column":4},"end":{"line":120,"column":43}},"51":{"start":{"line":127,"column":37},"end":{"line":128,"column":null}},"52":{"start":{"line":128,"column":14},"end":{"line":128,"column":67}},"53":{"start":{"line":130,"column":2},"end":{"line":132,"column":3}},"54":{"start":{"line":131,"column":4},"end":{"line":131,"column":73}},"55":{"start":{"line":134,"column":2},"end":{"line":134,"column":27}},"56":{"start":{"line":100,"column":13},"end":{"line":100,"column":35}},"57":{"start":{"line":143,"column":17},"end":{"line":161,"column":1}},"58":{"start":{"line":147,"column":2},"end":{"line":158,"column":3}},"59":{"start":{"line":148,"column":4},"end":{"line":150,"column":5}},"60":{"start":{"line":149,"column":6},"end":{"line":149,"column":54}},"61":{"start":{"line":149,"column":28},"end":{"line":149,"column":45}},"62":{"start":{"line":153,"column":4},"end":{"line":155,"column":5}},"63":{"start":{"line":156,"column":19},"end":{"line":156,"column":30}},"64":{"start":{"line":157,"column":4},"end":{"line":157,"column":67}},"65":{"start":{"line":160,"column":2},"end":{"line":160,"column":26}},"66":{"start":{"line":167,"column":32},"end":{"line":186,"column":1}},"67":{"start":{"line":168,"column":23},"end":{"line":168,"column":38}},"68":{"start":{"line":169,"column":22},"end":{"line":169,"column":35}},"69":{"start":{"line":171,"column":19},"end":{"line":171,"column":26}},"70":{"start":{"line":172,"column":2},"end":{"line":178,"column":3}},"71":{"start":{"line":172,"column":15},"end":{"line":172,"column":16}},"72":{"start":{"line":173,"column":20},"end":{"line":173,"column":35}},"73":{"start":{"line":174,"column":26},"end":{"line":174,"column":54}},"74":{"start":{"line":175,"column":4},"end":{"line":175,"column":53}},"75":{"start":{"line":175,"column":44},"end":{"line":175,"column":53}},"76":{"start":{"line":177,"column":4},"end":{"line":177,"column":37}},"77":{"start":{"line":181,"column":2},"end":{"line":183,"column":3}},"78":{"start":{"line":185,"column":2},"end":{"line":185,"column":36}},"79":{"start":{"line":167,"column":13},"end":{"line":167,"column":32}},"80":{"start":{"line":202,"column":38},"end":{"line":221,"column":1}},"81":{"start":{"line":206,"column":34},"end":{"line":206,"column":68}},"82":{"start":{"line":208,"column":27},"end":{"line":208,"column":51}},"83":{"start":{"line":210,"column":34},"end":{"line":210,"column":90}},"84":{"start":{"line":212,"column":32},"end":{"line":212,"column":82}},"85":{"start":{"line":213,"column":32},"end":{"line":213,"column":78}},"86":{"start":{"line":214,"column":26},"end":{"line":214,"column":87}},"87":{"start":{"line":216,"column":17},"end":{"line":216,"column":79}},"88":{"start":{"line":218,"column":23},"end":{"line":218,"column":98}},"89":{"start":{"line":218,"column":56},"end":{"line":218,"column":96}},"90":{"start":{"line":220,"column":2},"end":{"line":220,"column":41}},"91":{"start":{"line":202,"column":13},"end":{"line":202,"column":38}},"92":{"start":{"line":229,"column":13},"end":{"line":264,"column":2}},"93":{"start":{"line":237,"column":15},"end":{"line":237,"column":16}},"94":{"start":{"line":238,"column":16},"end":{"line":238,"column":20}},"95":{"start":{"line":241,"column":15},"end":{"line":241,"column":16}},"96":{"start":{"line":242,"column":18},"end":{"line":242,"column":34}},"97":{"start":{"line":245,"column":15},"end":{"line":245,"column":16}},"98":{"start":{"line":246,"column":18},"end":{"line":246,"column":34}},"99":{"start":{"line":249,"column":15},"end":{"line":249,"column":16}},"100":{"start":{"line":250,"column":16},"end":{"line":250,"column":20}},"101":{"start":{"line":253,"column":15},"end":{"line":253,"column":16}},"102":{"start":{"line":254,"column":16},"end":{"line":254,"column":20}},"103":{"start":{"line":257,"column":15},"end":{"line":257,"column":16}},"104":{"start":{"line":258,"column":16},"end":{"line":258,"column":20}},"105":{"start":{"line":261,"column":18},"end":{"line":261,"column":53}},"106":{"start":{"line":262,"column":19},"end":{"line":262,"column":68}},"107":{"start":{"line":276,"column":29},"end":{"line":277,"column":43}},"108":{"start":{"line":277,"column":2},"end":{"line":277,"column":43}},"109":{"start":{"line":276,"column":13},"end":{"line":276,"column":29}},"110":{"start":{"line":290,"column":43},"end":{"line":311,"column":1}},"111":{"start":{"line":295,"column":2},"end":{"line":300,"column":3}},"112":{"start":{"line":296,"column":4},"end":{"line":299,"column":6}},"113":{"start":{"line":302,"column":21},"end":{"line":302,"column":40}},"114":{"start":{"line":304,"column":22},"end":{"line":304,"column":62}},"115":{"start":{"line":306,"column":21},"end":{"line":306,"column":25}},"116":{"start":{"line":308,"column":24},"end":{"line":308,"column":62}},"117":{"start":{"line":310,"column":2},"end":{"line":310,"column":94}},"118":{"start":{"line":290,"column":13},"end":{"line":290,"column":43}},"119":{"start":{"line":319,"column":0},"end":{"line":319,"column":null}},"120":{"start":{"line":320,"column":2},"end":{"line":320,"column":null}},"121":{"start":{"line":321,"column":2},"end":{"line":321,"column":null}},"122":{"start":{"line":332,"column":41},"end":{"line":373,"column":1}},"123":{"start":{"line":333,"column":38},"end":{"line":333,"column":76}},"124":{"start":{"line":334,"column":24},"end":{"line":334,"column":48}},"125":{"start":{"line":336,"column":4},"end":{"line":337,"column":33}},"126":{"start":{"line":339,"column":18},"end":{"line":339,"column":59}},"127":{"start":{"line":340,"column":19},"end":{"line":340,"column":61}},"128":{"start":{"line":342,"column":23},"end":{"line":342,"column":84}},"129":{"start":{"line":344,"column":32},"end":{"line":344,"column":66}},"130":{"start":{"line":346,"column":2},"end":{"line":349,"column":3}},"131":{"start":{"line":347,"column":4},"end":{"line":347,"column":95}},"132":{"start":{"line":348,"column":4},"end":{"line":348,"column":72}},"133":{"start":{"line":351,"column":2},"end":{"line":353,"column":3}},"134":{"start":{"line":352,"column":4},"end":{"line":352,"column":69}},"135":{"start":{"line":355,"column":2},"end":{"line":368,"column":3}},"136":{"start":{"line":356,"column":4},"end":{"line":356,"column":76}},"137":{"start":{"line":358,"column":4},"end":{"line":367,"column":7}},"138":{"start":{"line":359,"column":6},"end":{"line":366,"column":7}},"139":{"start":{"line":360,"column":8},"end":{"line":363,"column":10}},"140":{"start":{"line":365,"column":8},"end":{"line":365,"column":96}},"141":{"start":{"line":370,"column":2},"end":{"line":370,"column":98}},"142":{"start":{"line":372,"column":2},"end":{"line":372,"column":36}},"143":{"start":{"line":332,"column":13},"end":{"line":332,"column":41}},"144":{"start":{"line":385,"column":49},"end":{"line":402,"column":1}},"145":{"start":{"line":389,"column":35},"end":{"line":389,"column":59}},"146":{"start":{"line":390,"column":34},"end":{"line":392,"column":null}},"147":{"start":{"line":395,"column":27},"end":{"line":395,"column":50}},"148":{"start":{"line":396,"column":26},"end":{"line":396,"column":87}},"149":{"start":{"line":398,"column":2},"end":{"line":401,"column":4}},"150":{"start":{"line":385,"column":13},"end":{"line":385,"column":49}},"151":{"start":{"line":418,"column":37},"end":{"line":452,"column":1}},"152":{"start":{"line":425,"column":2},"end":{"line":451,"column":3}},"153":{"start":{"line":428,"column":6},"end":{"line":428,"column":59}},"154":{"start":{"line":431,"column":35},"end":{"line":431,"column":62}},"155":{"start":{"line":433,"column":6},"end":{"line":436,"column":9}},"156":{"start":{"line":440,"column":35},"end":{"line":440,"column":62}},"157":{"start":{"line":442,"column":6},"end":{"line":446,"column":9}},"158":{"start":{"line":450,"column":6},"end":{"line":450,"column":40}},"159":{"start":{"line":418,"column":13},"end":{"line":418,"column":37}},"160":{"start":{"line":454,"column":28},"end":{"line":456,"column":1}},"161":{"start":{"line":455,"column":2},"end":{"line":455,"column":42}},"162":{"start":{"line":454,"column":13},"end":{"line":454,"column":28}},"163":{"start":{"line":459,"column":2},"end":{"line":459,"column":35}},"164":{"start":{"line":459,"column":12},"end":{"line":459,"column":35}},"165":{"start":{"line":461,"column":27},"end":{"line":461,"column":68}},"166":{"start":{"line":462,"column":2},"end":{"line":462,"column":60}},"167":{"start":{"line":458,"column":0},"end":{"line":458,"column":16}},"168":{"start":{"line":470,"column":13},"end":{"line":519,"column":2}},"169":{"start":{"line":472,"column":26},"end":{"line":472,"column":38}},"170":{"start":{"line":474,"column":4},"end":{"line":476,"column":5}},"171":{"start":{"line":475,"column":6},"end":{"line":475,"column":38}},"172":{"start":{"line":478,"column":20},"end":{"line":478,"column":48}},"173":{"start":{"line":482,"column":4},"end":{"line":489,"column":5}},"174":{"start":{"line":483,"column":26},"end":{"line":483,"column":34}},"175":{"start":{"line":485,"column":23},"end":{"line":485,"column":92}},"176":{"start":{"line":488,"column":6},"end":{"line":488,"column":51}},"177":{"start":{"line":492,"column":6},"end":{"line":492,"column":95}},"178":{"start":{"line":494,"column":4},"end":{"line":494,"column":47}},"179":{"start":{"line":498,"column":4},"end":{"line":498,"column":27}},"180":{"start":{"line":502,"column":4},"end":{"line":502,"column":83}},"181":{"start":{"line":507,"column":4},"end":{"line":507,"column":47}},"182":{"start":{"line":511,"column":4},"end":{"line":511,"column":45}},"183":{"start":{"line":515,"column":26},"end":{"line":515,"column":37}},"184":{"start":{"line":517,"column":4},"end":{"line":517,"column":86}},"185":{"start":{"line":529,"column":32},"end":{"line":547,"column":1}},"186":{"start":{"line":532,"column":27},"end":{"line":532,"column":71}},"187":{"start":{"line":534,"column":15},"end":{"line":534,"column":16}},"188":{"start":{"line":535,"column":21},"end":{"line":535,"column":45}},"189":{"start":{"line":536,"column":2},"end":{"line":536,"column":14}},"190":{"start":{"line":537,"column":15},"end":{"line":537,"column":87}},"191":{"start":{"line":538,"column":2},"end":{"line":538,"column":23}},"192":{"start":{"line":539,"column":24},"end":{"line":539,"column":48}},"193":{"start":{"line":540,"column":2},"end":{"line":540,"column":14}},"194":{"start":{"line":541,"column":18},"end":{"line":541,"column":93}},"195":{"start":{"line":543,"column":2},"end":{"line":546,"column":4}},"196":{"start":{"line":529,"column":13},"end":{"line":529,"column":32}}},"fnMap":{"0":{"name":"(anonymous_1)","decl":{"start":{"line":15,"column":40},"end":{"line":15,"column":41}},"loc":{"start":{"line":15,"column":98},"end":{"line":31,"column":1}}},"1":{"name":"(anonymous_2)","decl":{"start":{"line":18,"column":21},"end":{"line":18,"column":22}},"loc":{"start":{"line":18,"column":35},"end":{"line":30,"column":3}}},"2":{"name":"(anonymous_3)","decl":{"start":{"line":19,"column":19},"end":{"line":19,"column":22}},"loc":{"start":{"line":19,"column":24},"end":{"line":26,"column":5}}},"3":{"name
[...]
pr","locations":[{"start":{"line":214,"column":33},"end":{"line":214,"column":80}},{"start":{"line":214,"column":83},"end":{"line":214,"column":87}}]},"26":{"loc":{"start":{"line":214,"column":47},"end":{"line":214,"column":78}},"type":"cond-expr","locations":[{"start":{"line":214,"column":54},"end":{"line":214,"column":66}},{"start":{"line":214,"column":69},"end":{"line":214,"column":78}}]},"27":{"loc":{"start":{"line":216,"column":17},"end":{"line":216,"column":79}},"type":"cond-expr","locations":[{"start":{"line":216,"column":31},"end":{"line":216,"column":74}},{"start":{"line":216,"column":77},"end":{"line":216,"column":79}}]},"28":{"loc":{"start":{"line":218,"column":56},"end":{"line":218,"column":96}},"type":"cond-expr","locations":[{"start":{"line":218,"column":70},"end":{"line":218,"column":89}},{"start":{"line":218,"column":92},"end":{"line":218,"column":96}}]},"29":{"loc":{"start":{"line":261,"column":18},"end":{"line":261,"column":53}},"type":"cond-expr","locations":[{"start":{"line":261,"column":48},"end":{"line":261,"column":49}},{"start":{"line":261,"column":52},"end":{"line":261,"column":53}}]},"30":{"loc":{"start":{"line":262,"column":19},"end":{"line":262,"column":68}},"type":"cond-expr","locations":[{"start":{"line":262,"column":49},"end":{"line":262,"column":61}},{"start":{"line":262,"column":64},"end":{"line":262,"column":68}}]},"31":{"loc":{"start":{"line":295,"column":2},"end":{"line":300,"column":3}},"type":"if","locations":[{"start":{"line":295,"column":2},"end":{"line":300,"column":3}}]},"32":{"loc":{"start":{"line":302,"column":21},"end":{"line":302,"column":40}},"type":"cond-expr","locations":[{"start":{"line":302,"column":31},"end":{"line":302,"column":34}},{"start":{"line":302,"column":37},"end":{"line":302,"column":40}}]},"33":{"loc":{"start":{"line":304,"column":22},"end":{"line":304,"column":62}},"type":"cond-expr","locations":[{"start":{"line":304,"column":53},"end":{"line":304,"column":56}},{"start":{"line":304,"column":59},"end":{"line":304,"column":62}}]},"34":{"loc":{"start":{"line":319,"column":5},"end":{"line":319,"column":null}},"type":"binary-expr","locations":[{"start":{"line":319,"column":5},"end":{"line":319,"column":28}},{"start":{"line":319,"column":5},"end":{"line":319,"column":null}}]},"35":{"loc":{"start":{"line":336,"column":4},"end":{"line":337,"column":33}},"type":"binary-expr","locations":[{"start":{"line":336,"column":4},"end":{"line":336,"column":70}},{"start":{"line":337,"column":4},"end":{"line":337,"column":33}}]},"36":{"loc":{"start":{"line":336,"column":27},"end":{"line":336,"column":69}},"type":"binary-expr","locations":[{"start":{"line":336,"column":27},"end":{"line":336,"column":63}},{"start":{"line":336,"column":67},"end":{"line":336,"column":69}}]},"37":{"loc":{"start":{"line":346,"column":2},"end":{"line":349,"column":3}},"type":"if","locations":[{"start":{"line":346,"column":2},"end":{"line":349,"column":3}}]},"38":{"loc":{"start":{"line":347,"column":47},"end":{"line":347,"column":81}},"type":"binary-expr","locations":[{"start":{"line":347,"column":47},"end":{"line":347,"column":76}},{"start":{"line":347,"column":80},"end":{"line":347,"column":81}}]},"39":{"loc":{"start":{"line":348,"column":33},"end":{"line":348,"column":60}},"type":"binary-expr","locations":[{"start":{"line":348,"column":33},"end":{"line":348,"column":54}},{"start":{"line":348,"column":58},"end":{"line":348,"column":60}}]},"40":{"loc":{"start":{"line":351,"column":2},"end":{"line":353,"column":3}},"type":"if","locations":[{"start":{"line":351,"column":2},"end":{"line":353,"column":3}}]},"41":{"loc":{"start":{"line":355,"column":2},"end":{"line":368,"column":3}},"type":"if","locations":[{"start":{"line":355,"column":2},"end":{"line":368,"column":3}}]},"42":{"loc":{"start":{"line":359,"column":6},"end":{"line":366,"column":7}},"type":"if","locations":[{"start":{"line":359,"column":6},"end":{"line":366,"column":7}},{"start":{"line":364,"column":13},"end":{"line":366,"column":7}}]},"43":{"loc":{"start":{"line":425,"column":2},"end":{"line":451,"column":3}},"type":"switch","locations":[{"start":{"line":426,"column":4},"end":{"line":426,"column":15}},{"start":{"line":427,"column":4},"end":{"line":428,"column":59}},{"start":{"line":430,"column":4},"end":{"line":437,"column":5}},{"start":{"line":439,"column":4},"end":{"line":447,"column":5}},{"start":{"line":449,"column":4},"end":{"line":450,"column":40}}]},"44":{"loc":{"start":{"line":434,"column":34},"end":{"line":434,"column":66}},"type":"binary-expr","locations":[{"start":{"line":434,"column":34},"end":{"line":434,"column":50}},{"start":{"line":434,"column":54},"end":{"line":434,"column":61}},{"start":{"line":434,"column":65},"end":{"line":434,"column":66}}]},"45":{"loc":{"start":{"line":444,"column":34},"end":{"line":444,"column":66}},"type":"binary-expr","locations":[{"start":{"line":444,"column":34},"end":{"line":444,"column":50}},{"start":{"line":444,"column":54},"end":{"line":444,"column":61}},{"start":{"line":444,"column":65},"end":{"line":444,"column":66}}]},"46":{"loc":{"start":{"line":455,"column":9},"end":{"line":455,"column":41}},"type":"cond-expr","locations":[{"start":{"line":455,"column":26},"end":{"line":455,"column":35}},{"start":{"line":455,"column":38},"end":{"line":455,"column":41}}]},"47":{"loc":{"start":{"line":459,"column":2},"end":{"line":459,"column":35}},"type":"if","locations":[{"start":{"line":459,"column":2},"end":{"line":459,"column":35}}]},"48":{"loc":{"start":{"line":461,"column":27},"end":{"line":461,"column":68}},"type":"cond-expr","locations":[{"start":{"line":461,"column":50},"end":{"line":461,"column":62}},{"start":{"line":461,"column":65},"end":{"line":461,"column":68}}]},"49":{"loc":{"start":{"line":471,"column":28},"end":{"line":471,"column":38}},"type":"default-arg","locations":[{"start":{"line":471,"column":35},"end":{"line":471,"column":38}}]},"50":{"loc":{"start":{"line":472,"column":26},"end":{"line":472,"column":38}},"type":"binary-expr","locations":[{"start":{"line":472,"column":26},"end":{"line":472,"column":31}},{"start":{"line":472,"column":35},"end":{"line":472,"column":38}}]},"51":{"loc":{"start":{"line":474,"column":4},"end":{"line":476,"column":5}},"type":"if","locations":[{"start":{"line":474,"column":4},"end":{"line":476,"column":5}}]},"52":{"loc":{"start":{"line":474,"column":8},"end":{"line":474,"column":76}},"type":"binary-expr","locations":[{"start":{"line":474,"column":8},"end":{"line":474,"column":41}},{"start":{"line":474,"column":45},"end":{"line":474,"column":76}}]},"53":{"loc":{"start":{"line":482,"column":4},"end":{"line":489,"column":5}},"type":"if","locations":[{"start":{"line":482,"column":4},"end":{"line":489,"column":5}}]},"54":{"loc":{"start":{"line":492,"column":6},"end":{"line":492,"column":95}},"type":"cond-expr","locations":[{"start":{"line":492,"column":42},"end":{"line":492,"column":70}},{"start":{"line":492,"column":73},"end":{"line":492,"column":95}}]},"55":{"loc":{"start":{"line":502,"column":20},"end":{"line":502,"column":81}},"type":"cond-expr","locations":[{"start":{"line":502,"column":49},"end":{"line":502,"column":73}},{"start":{"line":502,"column":76},"end":{"line":502,"column":81}}]},"56":{"loc":{"start":{"line":507,"column":21},"end":{"line":507,"column":32}},"type":"binary-expr","locations":[{"start":{"line":507,"column":21},"end":{"line":507,"column":26}},{"start":{"line":507,"column":30},"end":{"line":507,"column":32}}]},"57":{"loc":{"start":{"line":511,"column":23},"end":{"line":511,"column":34}},"type":"binary-expr","locations":[{"start":{"line":511,"column":23},"end":{"line":511,"column":28}},{"start":{"line":511,"column":32},"end":{"line":511,"column":34}}]},"58":{"loc":{"start":{"line":515,"column":26},"end":{"line":515,"column":37}},"type":"binary-expr","locations":[{"start":{"line":515,"column":26},"end":{"line":515,"column":31}},{"start":{"line":515,"column":35},"end":{"line":515,"column":37}}]},"59":{"loc":{"start":{"line":517,"column":45},"end":{"line":517,"column":84}},"type":"binary-expr","locations":[{"start":{"line":517,"column":45},"end":{"line":517,"column":49}},{"start":{"line":517,"column":53},"end":{"line":517,"column":84}}]}},"s":{"0":4,"1":4,"2":4,"3":4,"4":4,"5":4,"6":783,"7":783,"8":1630,"9":1630,"10":196,"11":717,"12":1434,"13":1630,"14":1630,"15":4,"16":4,"17":24,"18":24,"19":24,"20":4,"21":4,"22":24,"23":24,"24":24,"25":24,"26":24,"27":0,"28":0,"29":0,"30":0,"31":0,"32":0,"33":0,"34":24,"35":24,"36":4,"37":4,"38":47,"39":47,"40":21,"41":26,"42":96,"43":4,"44":26,"45":10,"46":10,"47":1,"48":9,"49":25,"50":9,"51":25,"52":92,"53":25,"54":2,"55":25,"56":4,"57":4,"58":21,"59":19,"60":1,"61":2,"62":18,"63":18,"64":18,"65":2,"66":4,"67":10,"68":10,"69":10,"70":10,"71":10,"72":19,"73":19,"74":19,"75":0,"76":19,"77":10,"78":10,"79":4,"80":4,"81":1024,"82":1024,"83":1024,"84":1024,"85":1024,"86":1024,"87":1024,"88":1024,"89":141,"90":1024,"91":4,"92":4,"93":61,"94":61,"95":26,"96":26,"97":136,"98":136,"99":107,"100":107,"101":1,"102":1,"103":126,"104":126,"105":25,"106":25,"107":4,"108":2890,"109":4,"110":4,"111":501,"112":1,"113":500,"114":500,"115":500,"116":500,"117":500,"118":4,"119":4,"120":4,"121":4,"122":4,"123":482,"124":482,"125":482,"126":482,"127":482,"128":482,"129":482,"130":482,"131":61,"132":61,"133":482,"134":172,"135":482,"136":48,"137":48,"138":62,"139":9,"140":53,"141":482,"142":482,"143":4,"144":4,"145":148,"146":148,"147":148,"148":148,"149":148,"150":4,"151":4,"152":131,"153":115,"154":7,"155":7,"156":8,"157":8,"158":1,"159":4,"160":4,"161":316,"162":4,"163":318,"164":2,"165":316,"166":316,"167":4,"168":4,"169":509,"170":509,"171":118,"172":391,"173":391,"174":114,"175":114,"176":114,"177":391,"178":391,"179":149,"180":9,"181":173,"182":202,"183":27,"184":27,"185":4,"186":1,"187":1,"188":1,"189":1,"190":1,"191":1,"192":1,"193":1,"194":1,"195":1,"196":4},"f":{"0":783,"1":1630,"2":1630,"3":717,"4":24,"5":24,"6":0,"7":47,"8":96,"9":4,"10":10,"11":92,"12":21,"13":2,"14":10,"15":1024,"16":141,"17":61,"18":61,"19":26,"20":26,"21":136,"22":136,"23":107,"24":107,"25":1,"26":1,"27":126,"28":126,"29":25,"30":25,"31":2890,"32":501,"33":4,"34":482,"35":62,"36":148,"37":131,"38":316,"39":318,"40":509,"41":149,"42":9,"43":173,"44":202,"45":27,"46":1},"b":{"0":[196],"1":[24,6],"2":[24],"3":[0,24],"4":[24,6],"5":[0],"6":[24,6],"7":[21],"8":[47,46],"9":[4,1],"10":[4,3],"11":[1],"12":[92,11],"13":[2],"14":[25,2],"15":[19],"16":[1],"17":[9,9],"18":[0],"19":[19,1],"20":[1024,0],"21":[1024,1],"22":[676],"23":[1024,676],"24":[1024,1],"25":[1023,1],"26":[348,675],"27":[116,908],"28":[15,126],"29":[10,15],"30":[10,15],"31":[1],"32":[60,440],"33":[178,322],"34":[4,4],"35":[482,61],"36":[482,0],"37":[61],"38":[61,0],"39":[61,0],"40":[172],"41":[48],"42":[9,53],"43":[111,115,7,8,1],"44":[7,4,4],"45":[8,4,4],"46":[2,314],"47":[2],"48":[316,0],"49":[158],"50":[509,1],"51":[118],"52":[509,449],"53":[114],"54":[103,288],"55":[2,7],"56":[173,1],"57":[202,1],"58":[27,1],"59":[27,18]}}
,"/Users/lanyu/zyd/ledger/ledger-live/libs/ledgerjs/packages/hw-app-trx/src/services/loadConfig.ts": {"path":"/Users/lanyu/zyd/ledger/ledger-live/libs/ledgerjs/packages/hw-app-trx/src/services/loadConfig.ts","statementMap":{"0":{"start":{"line":3,"column":48},"end":{"line":9,"column":2}},"1":{"start":{"line":12,"column":2},"end":{"line":15,"column":4}},"2":{"start":{"line":11,"column":0},"end":{"line":11,"column":16}}},"fnMap":{"0":{"name":"getLoadConfig","decl":{"start":{"line":11,"column":16},"end":{"line":11,"column":29}},"loc":{"start":{"line":11,"column":57},"end":{"line":16,"column":1}}}},"branchMap":{},"s":{"0":3,"1":84,"2":3},"f":{"0":84},"b":{}}
,"/Users/lanyu/zyd/ledger/ledger-live/libs/ledgerjs/packages/hw-app-trx/src/services/trc20.ts": {"path":"/Users/lanyu/zyd/ledger/ledger-live/libs/ledgerjs/packages/hw-app-trx/src/services/trc20.ts","statementMap":{"0":{"start":{"line":1,"column":0},"end":{"line":1,"column":26}},"1":{"start":{"line":2,"column":0},"end":{"line":2,"column":37}},"2":{"start":{"line":3,"column":0},"end":{"line":3,"column":105}},"3":{"start":{"line":4,"column":0},"end":{"line":4,"column":45}},"4":{"start":{"line":7,"column":26},"end":{"line":10,"column":1}},"5":{"start":{"line":8,"column":12},"end":{"line":8,"column":30}},"6":{"start":{"line":9,"column":2},"end":{"line":9,"column":43}},"7":{"start":{"line":12,"column":39},"end":{"line":34,"column":1}},"8":{"start":{"line":16,"column":34},"end":{"line":16,"column":63}},"9":{"start":{"line":17,"column":2},"end":{"line":17,"column":40}},"10":{"start":{"line":17,"column":28},"end":{"line":17,"column":40}},"11":{"start":{"line":19,"column":14},"end":{"line":19,"column":75}},"12":{"start":{"line":20,"column":15},"end":{"line":31,"column":6}},"13":{"start":{"line":23,"column":6},"end":{"line":25,"column":7}},"14":{"start":{"line":24,"column":8},"end":{"line":24,"column":92}},"15":{"start":{"line":26,"column":6},"end":{"line":26,"column":18}},"16":{"start":{"line":29,"column":6},"end":{"line":29,"column":69}},"17":{"start":{"line":30,"column":6},"end":{"line":30,"column":18}},"18":{"start":{"line":33,"column":2},"end":{"line":33,"column":14}},"19":{"start":{"line":12,"column":13},"end":{"line":12,"column":39}},"20":{"start":{"line":39,"column":43},"end":{"line":55,"column":1}},"21":{"start":{"line":45,"column":2},"end":{"line":51,"column":3}},"22":{"start":{"line":46,"column":4},"end":{"line":50,"column":5}},"23":{"start":{"line":47,"column":6},"end":{"line":47,"column":99}},"24":{"start":{"line":49,"column":6},"end":{"line":49,"column":86}},"25":{"start":{"line":54,"column":2},"end":{"line":54,"column":82}},"26":{"start":{"line":39,"column":13},"end":{"line":39,"column":43}},"27":{"start":{"line":70,"column":14},"end":{"line":110,"column":1}},"28":{"start":{"line":71,"column":14},"end":{"line":71,"column":56}},"29":{"start":{"line":72,"column":14},"end":{"line":72,"column":16}},"30":{"start":{"line":73,"column":31},"end":{"line":73,"column":33}},"31":{"start":{"line":74,"column":10},"end":{"line":74,"column":11}},"32":{"start":{"line":76,"column":2},"end":{"line":103,"column":3}},"33":{"start":{"line":77,"column":19},"end":{"line":77,"column":38}},"34":{"start":{"line":78,"column":4},"end":{"line":78,"column":11}},"35":{"start":{"line":79,"column":17},"end":{"line":79,"column":41}},"36":{"start":{"line":80,"column":12},"end":{"line":80,"column":13}},"37":{"start":{"line":81,"column":25},"end":{"line":81,"column":42}},"38":{"start":{"line":82,"column":4},"end":{"line":82,"column":11}},"39":{"start":{"line":83,"column":19},"end":{"line":83,"column":68}},"40":{"start":{"line":84,"column":4},"end":{"line":84,"column":22}},"41":{"start":{"line":85,"column":28},"end":{"line":85,"column":84}},"42":{"start":{"line":86,"column":4},"end":{"line":86,"column":12}},"43":{"start":{"line":87,"column":21},"end":{"line":87,"column":41}},"44":{"start":{"line":88,"column":4},"end":{"line":88,"column":11}},"45":{"start":{"line":89,"column":20},"end":{"line":89,"column":40}},"46":{"start":{"line":90,"column":4},"end":{"line":90,"column":11}},"47":{"start":{"line":91,"column":22},"end":{"line":91,"column":35}},"48":{"start":{"line":92,"column":29},"end":{"line":99,"column":6}},"49":{"start":{"line":100,"column":4},"end":{"line":100,"column":24}},"50":{"start":{"line":101,"column":4},"end":{"line":101,"column":57}},"51":{"start":{"line":102,"column":4},"end":{"line":102,"column":16}},"52":{"start":{"line":105,"column":2},"end":{"line":109,"column":4}},"53":{"start":{"line":106,"column":16},"end":{"line":106,"column":23}},"54":{"start":{"line":108,"column":6},"end":{"line":108,"column":50}},"55":{"start":{"line":113,"column":45},"end":{"line":125,"column":4}},"56":{"start":{"line":114,"column":37},"end":{"line":114,"column":39}},"57":{"start":{"line":115,"column":2},"end":{"line":124,"column":4}},"58":{"start":{"line":116,"column":4},"end":{"line":116,"column":46}},"59":{"start":{"line":116,"column":24},"end":{"line":116,"column":46}},"60":{"start":{"line":118,"column":46},"end":{"line":118,"column":74}},"61":{"start":{"line":119,"column":4},"end":{"line":119,"column":36}},"62":{"start":{"line":119,"column":24},"end":{"line":119,"column":36}},"63":{"start":{"line":121,"column":16},"end":{"line":121,"column":36}},"64":{"start":{"line":122,"column":4},"end":{"line":122,"column":25}},"65":{"start":{"line":123,"column":4},"end":{"line":123,"column":15}}},"fnMap":{"0":{"name":"(anonymous_1)","decl":{"start":{"line":7,"column":26},"end":{"line":7,"column":27}},"loc":{"start":{"line":7,"column":43},"end":{"line":10,"column":1}}},"1":{"name":"(anonymous_2)","decl":{"start":{"line":12,"column":39},"end":{"line":12,"column":44}},"loc":{"start":{"line":15,"column":28},"end":{"line":34,"column":1}}},"2":{"name":"(anonymous_3)","decl":{"start":{"line":22,"column":10},"end":{"line":22,"column":11}},"loc":{"start":{"line":22,"column":23},"end":{"line":27,"column":5}}},"3":{"name":"(anonymous_4)","decl":{"start":{"line":28,"column":11},"end":{"line":28,"column":12}},"loc":{"start":{"line":28,"column":15},"end":{"line":31,"column":5}}},"4":{"name":"(anonymous_5)","decl":{"start":{"line":39,"column":43},"end":{"line":39,"column":null}},"loc":{"start":{"line":43,"column":45},"end":{"line":55,"column":1}}},"5":{"name":"(anonymous_6)","decl":{"start":{"line":70,"column":14},"end":{"line":70,"column":15}},"loc":{"start":{"line":70,"column":51},"end":{"line":110,"column":1}}},"6":{"name":"(anonymous_7)","decl":{"start":{"line":106,"column":10},"end":{"line":106,"column":13}},"loc":{"start":{"line":106,"column":16},"end":{"line":106,"column":23}}},"7":{"name":"(anonymous_8)","decl":{"start":{"line":107,"column":26},"end":{"line":107,"column":27}},"loc":{"start":{"line":108,"column":6},"end":{"line":108,"column":50}}},"8":{"name":"(anonymous_9)","decl":{"start":{"line":113,"column":46},"end":{"line":113,"column":49}},"loc":{"start":{"line":113,"column":51},"end":{"line":125,"column":1}}},"9":{"name":"(anonymous_10)","decl":{"start":{"line":115,"column":9},"end":{"line":115,"column":16}},"loc":{"start":{"line":115,"column":19},"end":{"line":124,"column":3}}}},"branchMap":{"0":{"loc":{"start":{"line":9,"column":9},"end":{"line":9,"column":42}},"type":"cond-expr","locations":[{"start":{"line":9,"column":30},"end":{"line":9,"column":31}},{"start":{"line":9,"column":34},"end":{"line":9,"column":42}}]},"1":{"loc":{"start":{"line":17,"column":2},"end":{"line":17,"column":40}},"type":"if","locations":[{"start":{"line":17,"column":2},"end":{"line":17,"column":40}}]},"2":{"loc":{"start":{"line":23,"column":6},"end":{"line":25,"column":7}},"type":"if","locations":[{"start":{"line":23,"column":6},"end":{"line":25,"column":7}}]},"3":{"loc":{"start":{"line":23,"column":10},"end":{"line":23,"column":43}},"type":"binary-expr","locations":[{"start":{"line":23,"column":10},"end":{"line":23,"column":15}},{"start":{"line":23,"column":19},"end":{"line":23,"column":43}}]},"4":{"loc":{"start":{"line":45,"column":2},"end":{"line":51,"column":3}},"type":"if","locations":[{"start":{"line":45,"column":2},"end":{"line":51,"column":3}}]},"5":{"loc":{"start":{"line":116,"column":4},"end":{"line":116,"column":46}},"type":"if","locations":[{"start":{"line":116,"column":4},"end":{"line":116,"column":46}}]},"6":{"loc":{"start":{"line":119,"column":4},"end":{"line":119,"column":36}},"type":"if","locations":[{"start":{"line":119,"column":4},"end":{"line":119,"column":36}}]}},"s":{"0":3,"1":3,"2":3,"3":3,"4":3,"5":11,"6":11,"7":3,"8":42,"9":42,"10":0,"11":42,"12":42,"13":0,"14":0,"15":0,"16":42,"17":42,"18":42,"19":3,"20":3,"21":6,"22":0,"23":0,"24":0,"25":6,"26":3,"27":3,"28":1,"29":1,"30":1,"31":1,"32":1,"33":5,"34":5,"35":5,"36":5,"37":5,"38":5,"39":5,"40":5,"41":5,"42":5,"43":5,"44":5,"45":5,"46":5,"47":5,"48":5,"49":5,"50":5,"51":5,"52":1,"53":0,"54":6,"55":3,"56":3,"57":3,"58":6,"59":5,"60":1,"61":1,"62":0,"63":1,"64":1,"65":1},"f":{"0":11,"1":42,"2":0,"3":42,"4":6,"5":1,"6":0,"7":6,"8":3,"9":6},"b":{"0":[6,5],"1":[0],"2":[0],"3":[0,0],"4":[0],"5":[5],"6":[0]}}
}
