{"total": {"lines":{"total":637,"covered":559,"skipped":0,"pct":87.75},"statements":{"total":676,"covered":590,"skipped":0,"pct":87.27},"functions":{"total":131,"covered":109,"skipped":0,"pct":83.2},"branches":{"total":256,"covered":195,"skipped":0,"pct":76.17},"branchesTrue":{"total":0,"covered":0,"skipped":0,"pct":100}}
,"/Users/lanyu/zyd/ledger/ledger-live/libs/ledgerjs/packages/hw-app-trx/src/Trx.ts": {"lines":{"total":149,"covered":105,"skipped":0,"pct":70.46},"functions":{"total":33,"covered":25,"skipped":0,"pct":75.75},"statements":{"total":153,"covered":107,"skipped":0,"pct":69.93},"branches":{"total":49,"covered":19,"skipped":0,"pct":38.77}}
,"/Users/lanyu/zyd/ledger/ledger-live/libs/ledgerjs/packages/hw-app-trx/src/utils.ts": {"lines":{"total":55,"covered":38,"skipped":0,"pct":69.09},"functions":{"total":19,"covered":9,"skipped":0,"pct":47.36},"statements":{"total":60,"covered":40,"skipped":0,"pct":66.66},"branches":{"total":17,"covered":10,"skipped":0,"pct":58.82}}
,"/Users/lanyu/zyd/ledger/ledger-live/libs/ledgerjs/packages/hw-app-trx/src/TIP712/index.ts": {"lines":{"total":188,"covered":185,"skipped":0,"pct":98.4},"functions":{"total":20,"covered":20,"skipped":0,"pct":100},"statements":{"total":193,"covered":190,"skipped":0,"pct":98.44},"branches":{"total":74,"covered":64,"skipped":0,"pct":86.48}}
,"/Users/lanyu/zyd/ledger/ledger-live/libs/ledgerjs/packages/hw-app-trx/src/TIP712/tip712.ts": {"lines":{"total":3,"covered":3,"skipped":0,"pct":100},"functions":{"total":1,"covered":0,"skipped":0,"pct":0},"statements":{"total":4,"covered":4,"skipped":0,"pct":100},"branches":{"total":0,"covered":0,"skipped":0,"pct":100}}
,"/Users/lanyu/zyd/ledger/ledger-live/libs/ledgerjs/packages/hw-app-trx/src/TIP712/utils.ts": {"lines":{"total":178,"covered":171,"skipped":0,"pct":96.06},"functions":{"total":47,"covered":46,"skipped":0,"pct":97.87},"statements":{"total":197,"covered":189,"skipped":0,"pct":95.93},"branches":{"total":107,"covered":99,"skipped":0,"pct":92.52}}
,"/Users/lanyu/zyd/ledger/ledger-live/libs/ledgerjs/packages/hw-app-trx/src/services/loadConfig.ts": {"lines":{"total":3,"covered":3,"skipped":0,"pct":100},"functions":{"total":1,"covered":1,"skipped":0,"pct":100},"statements":{"total":3,"covered":3,"skipped":0,"pct":100},"branches":{"total":0,"covered":0,"skipped":0,"pct":100}}
,"/Users/lanyu/zyd/ledger/ledger-live/libs/ledgerjs/packages/hw-app-trx/src/services/trc20.ts": {"lines":{"total":61,"covered":54,"skipped":0,"pct":88.52},"functions":{"total":10,"covered":8,"skipped":0,"pct":80},"statements":{"total":66,"covered":57,"skipped":0,"pct":86.36},"branches":{"total":9,"covered":3,"skipped":0,"pct":33.33}}
}
