TN:
SF:libs/ledgerjs/packages/hw-app-trx/src/Trx.ts
FN:24,(anonymous_0)
FN:55,(anonymous_1)
FN:59,(anonymous_2)
FN:87,(anonymous_3)
FN:97,(anonymous_4)
FN:102,(anonymous_5)
FN:115,(anonymous_6)
FN:134,(anonymous_7)
FN:141,(anonymous_8)
FN:194,(anonymous_9)
FN:195,(anonymous_10)
FN:199,(anonymous_11)
FN:202,(anonymous_12)
FN:217,(anonymous_13)
FN:221,(anonymous_14)
FN:225,(anonymous_15)
FN:245,(anonymous_16)
FN:253,(anonymous_17)
FN:293,(anonymous_18)
FN:311,(anonymous_19)
FN:324,(anonymous_20)
FN:327,(anonymous_21)
FN:330,(anonymous_22)
FN:344,(anonymous_23)
FN:362,(anonymous_24)
FN:375,(anonymous_25)
FN:378,(anonymous_26)
FN:381,(anonymous_27)
FN:391,(anonymous_28)
FN:426,(anonymous_29)
FN:450,(anonymous_30)
FN:455,(anonymous_31)
FN:461,(anonymous_32)
FNF:33
FNH:25
FNDA:0,(anonymous_0)
FNDA:0,(anonymous_1)
FNDA:49,(anonymous_2)
FNDA:1,(anonymous_3)
FNDA:5,(anonymous_4)
FNDA:1,(anonymous_5)
FNDA:6,(anonymous_6)
FNDA:1,(anonymous_7)
FNDA:5,(anonymous_8)
FNDA:1,(anonymous_9)
FNDA:1,(anonymous_10)
FNDA:1,(anonymous_11)
FNDA:0,(anonymous_12)
FNDA:1,(anonymous_13)
FNDA:5,(anonymous_14)
FNDA:1,(anonymous_15)
FNDA:1,(anonymous_16)
FNDA:1,(anonymous_17)
FNDA:1,(anonymous_18)
FNDA:5,(anonymous_19)
FNDA:1,(anonymous_20)
FNDA:1,(anonymous_21)
FNDA:1,(anonymous_22)
FNDA:0,(anonymous_23)
FNDA:0,(anonymous_24)
FNDA:0,(anonymous_25)
FNDA:0,(anonymous_26)
FNDA:0,(anonymous_27)
FNDA:1,(anonymous_28)
FNDA:42,(anonymous_29)
FNDA:1,(anonymous_30)
FNDA:5,(anonymous_31)
FNDA:1,(anonymous_32)
DA:18,3
DA:20,3
DA:24,3
DA:25,0
DA:29,0
DA:32,3
DA:33,3
DA:34,3
DA:35,3
DA:36,3
DA:37,3
DA:38,3
DA:39,3
DA:40,3
DA:41,3
DA:42,3
DA:51,3
DA:56,0
DA:60,49
DA:61,49
DA:62,49
DA:94,1
DA:95,1
DA:96,1
DA:97,1
DA:98,5
DA:100,1
DA:103,1
DA:104,1
DA:106,1
DA:116,6
DA:117,6
DA:118,6
DA:119,4
DA:135,1
DA:136,1
DA:137,1
DA:138,1
DA:140,1
DA:141,1
DA:142,5
DA:145,1
DA:147,6
DA:148,6
DA:150,6
DA:151,0
DA:152,0
DA:153,0
DA:157,6
DA:158,6
DA:161,1
DA:162,1
DA:164,1
DA:166,1
DA:167,1
DA:168,0
DA:169,0
DA:174,1
DA:175,1
DA:177,0
DA:179,0
DA:180,0
DA:181,0
DA:183,0
DA:187,0
DA:188,0
DA:190,0
DA:194,1
DA:195,1
DA:196,1
DA:200,1
DA:203,0
DA:218,1
DA:219,1
DA:220,1
DA:221,1
DA:222,5
DA:224,1
DA:225,1
DA:226,1
DA:253,1
DA:255,1
DA:257,1
DA:259,1
DA:261,1
DA:263,1
DA:264,0
DA:265,0
DA:268,1
DA:269,0
DA:272,1
DA:280,1
DA:294,1
DA:295,1
DA:296,1
DA:297,1
DA:298,1
DA:299,1
DA:300,1
DA:302,1
DA:304,1
DA:306,1
DA:307,1
DA:309,1
DA:310,1
DA:311,1
DA:312,5
DA:314,1
DA:316,0
DA:319,1
DA:320,1
DA:324,1
DA:325,1
DA:328,1
DA:331,1
DA:345,0
DA:346,0
DA:347,0
DA:348,0
DA:349,0
DA:350,0
DA:351,0
DA:353,0
DA:355,0
DA:357,0
DA:358,0
DA:360,0
DA:361,0
DA:362,0
DA:363,0
DA:365,0
DA:367,0
DA:370,0
DA:371,0
DA:375,0
DA:376,0
DA:379,0
DA:382,0
DA:392,1
DA:432,42
DA:451,1
DA:452,1
DA:453,1
DA:454,1
DA:455,1
DA:456,5
DA:458,1
DA:459,1
DA:461,1
LF:149
LH:105
BRDA:25,0,0,0
BRDA:25,1,0,0
BRDA:25,1,1,0
BRDA:59,2,0,49
BRDA:59,3,0,49
BRDA:101,4,0,0
BRDA:101,4,1,1
BRDA:118,5,0,2
BRDA:148,6,0,0
BRDA:150,7,0,0
BRDA:166,8,0,1
BRDA:174,9,0,1
BRDA:174,9,1,0
BRDA:180,10,0,0
BRDA:180,10,1,0
BRDA:187,11,0,0
BRDA:187,11,1,0
BRDA:187,12,0,0
BRDA:187,12,1,0
BRDA:263,13,0,0
BRDA:263,14,0,1
BRDA:263,14,1,1
BRDA:263,14,2,1
BRDA:268,15,0,0
BRDA:268,16,0,1
BRDA:268,16,1,1
BRDA:268,16,2,1
BRDA:304,17,0,1
BRDA:304,17,1,0
BRDA:306,18,0,1
BRDA:306,18,1,0
BRDA:307,19,0,1
BRDA:307,19,1,0
BRDA:309,20,0,1
BRDA:309,20,1,0
BRDA:326,21,0,1
BRDA:326,21,1,0
BRDA:355,22,0,0
BRDA:355,22,1,0
BRDA:357,23,0,0
BRDA:357,23,1,0
BRDA:358,24,0,0
BRDA:358,24,1,0
BRDA:360,25,0,0
BRDA:360,25,1,0
BRDA:377,26,0,0
BRDA:377,26,1,0
BRDA:429,27,0,24
BRDA:430,28,0,24
BRF:49
BRH:19
end_of_record
TN:
SF:libs/ledgerjs/packages/hw-app-trx/src/utils.ts
FN:22,defer
FN:24,(anonymous_1)
FN:37,splitPath
FN:40,(anonymous_3)
FN:56,eachSeries
FN:57,(anonymous_5)
FN:57,(anonymous_6)
FN:59,foreach
FN:63,iterate
FN:67,(anonymous_9)
FN:73,(anonymous_10)
FN:75,doIf
FN:76,(anonymous_12)
FN:82,asyncWhile
FN:86,iterate
FN:90,(anonymous_15)
FN:103,decodeVarint
FN:128,(anonymous_17)
FN:132,hexBuffer
FNF:19
FNH:9
FNDA:0,defer
FNDA:0,(anonymous_1)
FNDA:48,splitPath
FNDA:240,(anonymous_3)
FNDA:0,eachSeries
FNDA:0,(anonymous_5)
FNDA:0,(anonymous_6)
FNDA:2,foreach
FNDA:4,iterate
FNDA:2,(anonymous_9)
FNDA:2,(anonymous_10)
FNDA:0,doIf
FNDA:0,(anonymous_12)
FNDA:0,asyncWhile
FNDA:0,iterate
FNDA:0,(anonymous_15)
FNDA:12,decodeVarint
FNDA:393,(anonymous_17)
FNDA:66,hexBuffer
DA:22,4
DA:24,0
DA:25,0
DA:26,0
DA:28,0
DA:30,0
DA:37,4
DA:38,48
DA:39,48
DA:40,48
DA:41,240
DA:43,240
DA:44,0
DA:47,240
DA:48,144
DA:51,240
DA:53,48
DA:56,4
DA:57,0
DA:59,4
DA:64,4
DA:65,2
DA:67,2
DA:68,2
DA:69,2
DA:73,2
DA:75,4
DA:76,0
DA:77,0
DA:78,0
DA:82,4
DA:87,0
DA:88,0
DA:90,0
DA:91,0
DA:92,0
DA:97,0
DA:103,4
DA:104,12
DA:105,12
DA:106,12
DA:109,12
DA:110,22
DA:111,22
DA:112,22
DA:114,22
DA:115,12
DA:116,12
DA:122,10
DA:125,0
DA:128,4
DA:129,393
DA:132,4
DA:133,66
DA:134,66
LF:55
LH:38
BRDA:28,0,0,0
BRDA:28,1,0,0
BRDA:28,1,1,0
BRDA:43,2,0,0
BRDA:47,3,0,144
BRDA:47,4,0,240
BRDA:47,4,1,144
BRDA:64,5,0,2
BRDA:64,5,1,2
BRDA:77,6,0,0
BRDA:87,7,0,0
BRDA:87,7,1,0
BRDA:114,8,0,12
BRDA:129,9,0,32
BRDA:129,9,1,361
BRDA:133,10,0,48
BRDA:133,10,1,18
BRF:17
BRH:10
end_of_record
TN:
SF:libs/ledgerjs/packages/hw-app-trx/src/TIP712/index.ts
FN:33,(anonymous_0)
FN:46,(anonymous_1)
FN:55,(anonymous_2)
FN:82,(anonymous_3)
FN:99,(anonymous_4)
FN:104,(anonymous_5)
FN:122,(anonymous_6)
FN:160,(anonymous_7)
FN:200,(anonymous_8)
FN:201,(anonymous_9)
FN:244,(anonymous_10)
FN:248,(anonymous_11)
FN:301,(anonymous_12)
FN:343,sendFilteringInfo
FN:349,(anonymous_14)
FN:413,(anonymous_15)
FN:529,(anonymous_16)
FN:537,(anonymous_17)
FN:641,(anonymous_18)
FN:653,(anonymous_19)
FNF:20
FNH:20
FNDA:1,(anonymous_0)
FNDA:5,(anonymous_1)
FNDA:1,(anonymous_2)
FNDA:42,(anonymous_3)
FNDA:468,(anonymous_4)
FNDA:729,(anonymous_5)
FNDA:6,(anonymous_6)
FNDA:1046,(anonymous_7)
FNDA:594,(anonymous_8)
FNDA:594,(anonymous_9)
FNDA:740,(anonymous_10)
FNDA:740,(anonymous_11)
FNDA:575,(anonymous_12)
FNDA:170,sendFilteringInfo
FNDA:170,(anonymous_14)
FNDA:124,(anonymous_15)
FNDA:42,(anonymous_16)
FNDA:42,(anonymous_17)
FNDA:210,(anonymous_18)
FNDA:42,(anonymous_19)
DA:3,3
DA:16,3
DA:17,3
DA:18,3
DA:31,3
DA:33,3
DA:39,1
DA:40,1
DA:41,1
DA:42,1
DA:44,1
DA:45,1
DA:46,1
DA:47,5
DA:50,1
DA:51,1
DA:52,1
DA:53,1
DA:55,1
DA:56,1
DA:82,3
DA:97,42
DA:98,42
DA:99,468
DA:104,42
DA:109,729
DA:110,729
DA:111,729
DA:113,729
DA:114,91
DA:119,91
DA:120,91
DA:122,6
DA:123,2
DA:124,2
DA:125,2
DA:128,2
DA:143,91
DA:144,195
DA:146,638
DA:147,73
DA:148,176
DA:149,176
DA:151,176
DA:152,176
DA:160,1046
DA:162,565
DA:163,122
DA:176,565
DA:187,42
DA:200,3
DA:201,594
DA:202,594
DA:203,594
DA:204,594
DA:205,594
DA:206,594
DA:207,594
DA:210,594
DA:212,594
DA:216,594
DA:244,3
DA:248,740
DA:249,740
DA:250,740
DA:251,740
DA:252,740
DA:253,740
DA:254,740
DA:255,740
DA:258,740
DA:260,740
DA:261,84
DA:270,656
DA:271,91
DA:280,565
DA:281,565
DA:282,565
DA:287,565
DA:289,565
DA:291,565
DA:293,565
DA:299,565
DA:301,575
DA:303,565
DA:304,575
DA:317,565
DA:349,170
DA:350,170
DA:351,170
DA:352,170
DA:353,170
DA:354,170
DA:355,170
DA:356,170
DA:357,170
DA:358,170
DA:359,170
DA:360,170
DA:361,170
DA:364,170
DA:366,22
DA:374,22
DA:375,22
DA:376,22
DA:378,22
DA:379,22
DA:399,124
DA:400,124
DA:402,124
DA:403,0
DA:404,0
DA:413,124
DA:414,124
DA:415,124
DA:416,124
DA:417,124
DA:419,124
DA:420,124
DA:421,5
DA:422,5
DA:423,5
DA:424,5
DA:425,5
DA:432,5
DA:441,124
DA:442,124
DA:443,1
DA:444,1
DA:446,1
DA:447,1
DA:448,1
DA:452,124
DA:453,0
DA:456,124
DA:463,124
DA:470,124
DA:480,2
DA:481,2
DA:482,2
DA:484,2
DA:485,2
DA:529,3
DA:537,42
DA:538,42
DA:539,42
DA:540,42
DA:541,42
DA:542,42
DA:544,42
DA:545,42
DA:547,42
DA:549,42
DA:550,42
DA:551,42
DA:554,42
DA:556,42
DA:561,42
DA:562,126
DA:567,126
DA:568,468
DA:569,468
DA:576,42
DA:577,22
DA:580,42
DA:586,42
DA:600,42
DA:601,42
DA:605,42
DA:606,42
DA:607,146
DA:608,146
DA:611,42
DA:612,22
DA:613,22
DA:618,22
DA:623,42
DA:627,42
DA:628,42
DA:629,212
DA:630,212
DA:638,42
DA:639,42
DA:640,42
DA:641,42
DA:642,210
DA:645,42
DA:654,42
LF:188
LH:185
BRDA:107,0,0,146
BRDA:111,1,0,729
BRDA:111,1,1,0
BRDA:113,2,0,91
BRDA:113,2,1,638
BRDA:113,3,0,729
BRDA:113,3,1,91
BRDA:120,4,0,2
BRDA:123,5,0,2
BRDA:123,6,0,2
BRDA:123,6,1,2
BRDA:146,7,0,73
BRDA:146,7,1,565
BRDA:147,8,0,73
BRDA:147,8,1,0
BRDA:149,9,0,176
BRDA:149,9,1,0
BRDA:151,10,0,176
BRDA:162,11,0,122
BRDA:180,12,0,565
BRDA:180,12,1,0
BRDA:201,13,0,594
BRDA:201,13,1,594
BRDA:212,14,0,126
BRDA:212,14,1,468
BRDA:212,15,0,594
BRDA:212,15,1,126
BRDA:220,16,0,126
BRDA:220,16,1,468
BRDA:248,17,0,740
BRDA:248,17,1,740
BRDA:260,18,0,84
BRDA:270,19,0,91
BRDA:280,20,0,565
BRDA:287,21,0,565
BRDA:307,22,0,10
BRDA:307,22,1,565
BRDA:349,23,0,170
BRDA:349,23,1,170
BRDA:364,24,0,22
BRDA:364,24,1,22
BRDA:364,24,2,124
BRDA:364,24,3,2
BRDA:402,25,0,0
BRDA:413,26,0,124
BRDA:413,26,1,124
BRDA:420,27,0,5
BRDA:420,28,0,124
BRDA:420,28,1,5
BRDA:422,29,0,5
BRDA:424,30,0,5
BRDA:441,31,0,124
BRDA:441,31,1,6
BRDA:442,32,0,1
BRDA:446,33,0,1
BRDA:452,34,0,0
BRDA:473,35,0,2
BRDA:473,35,1,122
BRDA:533,36,0,0
BRDA:535,37,0,0
BRDA:537,38,0,42
BRDA:537,38,1,42
BRDA:551,39,0,24
BRDA:551,39,1,18
BRDA:576,40,0,22
BRDA:580,41,0,42
BRDA:580,41,1,0
BRDA:581,42,0,42
BRDA:581,42,1,8
BRDA:589,43,0,42
BRDA:589,43,1,8
BRDA:611,44,0,22
BRDA:650,45,0,0
BRDA:650,45,1,42
BRF:74
BRH:64
end_of_record
TN:
SF:libs/ledgerjs/packages/hw-app-trx/src/TIP712/tip712.ts
FN:2,(anonymous_1)
FNF:1
FNH:0
FNDA:0,(anonymous_1)
DA:1,3
DA:2,3
DA:3,3
LF:3
LH:3
BRF:0
BRH:0
end_of_record
TN:
SF:libs/ledgerjs/packages/hw-app-trx/src/TIP712/utils.ts
FN:15,(anonymous_1)
FN:18,(anonymous_2)
FN:19,(anonymous_3)
FN:21,(anonymous_4)
FN:33,(anonymous_5)
FN:47,(anonymous_6)
FN:68,(anonymous_7)
FN:100,(anonymous_8)
FN:109,(anonymous_9)
FN:110,(anonymous_10)
FN:111,(anonymous_11)
FN:128,(anonymous_12)
FN:143,(anonymous_13)
FN:149,(anonymous_14)
FN:167,(anonymous_15)
FN:202,(anonymous_16)
FN:218,(anonymous_17)
FN:237,(anonymous_18)
FN:238,(anonymous_19)
FN:241,(anonymous_20)
FN:242,(anonymous_21)
FN:245,(anonymous_22)
FN:246,(anonymous_23)
FN:249,(anonymous_24)
FN:250,(anonymous_25)
FN:253,(anonymous_26)
FN:254,(anonymous_27)
FN:257,(anonymous_28)
FN:258,(anonymous_29)
FN:261,(anonymous_30)
FN:262,(anonymous_31)
FN:276,(anonymous_32)
FN:290,(anonymous_33)
FN:319,(anonymous_34)
FN:332,(anonymous_35)
FN:358,(anonymous_36)
FN:385,(anonymous_37)
FN:418,(anonymous_38)
FN:454,(anonymous_39)
FN:458,hexBuffer
FN:471,(anonymous_41)
FN:497,(anonymous_42)
FN:501,(anonymous_43)
FN:505,(anonymous_44)
FN:510,(anonymous_45)
FN:514,(anonymous_46)
FN:529,(anonymous_47)
FNF:47
FNH:46
FNDA:783,(anonymous_1)
FNDA:1630,(anonymous_2)
FNDA:1630,(anonymous_3)
FNDA:717,(anonymous_4)
FNDA:24,(anonymous_5)
FNDA:24,(anonymous_6)
FNDA:0,(anonymous_7)
FNDA:47,(anonymous_8)
FNDA:96,(anonymous_9)
FNDA:4,(anonymous_10)
FNDA:10,(anonymous_11)
FNDA:92,(anonymous_12)
FNDA:21,(anonymous_13)
FNDA:2,(anonymous_14)
FNDA:10,(anonymous_15)
FNDA:1024,(anonymous_16)
FNDA:141,(anonymous_17)
FNDA:61,(anonymous_18)
FNDA:61,(anonymous_19)
FNDA:26,(anonymous_20)
FNDA:26,(anonymous_21)
FNDA:136,(anonymous_22)
FNDA:136,(anonymous_23)
FNDA:107,(anonymous_24)
FNDA:107,(anonymous_25)
FNDA:1,(anonymous_26)
FNDA:1,(anonymous_27)
FNDA:126,(anonymous_28)
FNDA:126,(anonymous_29)
FNDA:25,(anonymous_30)
FNDA:25,(anonymous_31)
FNDA:2890,(anonymous_32)
FNDA:501,(anonymous_33)
FNDA:4,(anonymous_34)
FNDA:482,(anonymous_35)
FNDA:62,(anonymous_36)
FNDA:148,(anonymous_37)
FNDA:131,(anonymous_38)
FNDA:316,(anonymous_39)
FNDA:318,hexBuffer
FNDA:509,(anonymous_41)
FNDA:149,(anonymous_42)
FNDA:9,(anonymous_43)
FNDA:173,(anonymous_44)
FNDA:202,(anonymous_45)
FNDA:27,(anonymous_46)
FNDA:1,(anonymous_47)
DA:1,4
DA:2,4
DA:3,4
DA:11,4
DA:12,4
DA:15,4
DA:16,783
DA:18,783
DA:19,1630
DA:20,1630
DA:21,196
DA:22,717
DA:25,1434
DA:28,1630
DA:29,1630
DA:33,4
DA:34,24
DA:35,24
DA:37,24
DA:47,4
DA:52,24
DA:54,24
DA:55,24
DA:56,24
DA:57,24
DA:67,0
DA:68,0
DA:71,0
DA:73,0
DA:75,0
DA:78,0
DA:81,0
DA:83,24
DA:85,24
DA:100,4
DA:105,47
DA:106,47
DA:108,26
DA:109,96
DA:110,4
DA:111,26
DA:112,10
DA:113,10
DA:114,1
DA:117,9
DA:119,25
DA:120,9
DA:127,25
DA:128,92
DA:130,25
DA:131,2
DA:134,25
DA:143,4
DA:147,21
DA:148,19
DA:149,2
DA:153,18
DA:156,18
DA:157,18
DA:160,2
DA:167,4
DA:168,10
DA:169,10
DA:171,10
DA:172,10
DA:173,19
DA:174,19
DA:175,19
DA:177,19
DA:181,10
DA:185,10
DA:202,4
DA:206,1024
DA:208,1024
DA:210,1024
DA:212,1024
DA:213,1024
DA:214,1024
DA:216,1024
DA:218,1024
DA:220,1024
DA:229,4
DA:237,61
DA:238,61
DA:241,26
DA:242,26
DA:245,136
DA:246,136
DA:249,107
DA:250,107
DA:253,1
DA:254,1
DA:257,126
DA:258,126
DA:261,25
DA:262,25
DA:276,4
DA:277,2890
DA:290,4
DA:295,501
DA:296,1
DA:302,500
DA:304,500
DA:306,500
DA:308,500
DA:310,500
DA:319,4
DA:320,4
DA:321,4
DA:332,4
DA:333,482
DA:334,482
DA:336,482
DA:339,482
DA:340,482
DA:342,482
DA:344,482
DA:346,482
DA:347,61
DA:348,61
DA:351,482
DA:352,172
DA:355,482
DA:356,48
DA:358,48
DA:359,62
DA:360,9
DA:365,53
DA:370,482
DA:372,482
DA:385,4
DA:389,148
DA:390,148
DA:395,148
DA:396,148
DA:398,148
DA:418,4
DA:425,131
DA:428,115
DA:431,7
DA:433,7
DA:440,8
DA:442,8
DA:450,1
DA:454,4
DA:455,316
DA:458,4
DA:459,318
DA:461,316
DA:462,316
DA:470,4
DA:472,509
DA:474,509
DA:475,118
DA:478,391
DA:482,391
DA:483,114
DA:485,114
DA:488,114
DA:492,391
DA:494,391
DA:498,149
DA:502,9
DA:507,173
DA:511,202
DA:515,27
DA:517,27
DA:529,4
DA:532,1
DA:534,1
DA:535,1
DA:536,1
DA:537,1
DA:538,1
DA:539,1
DA:540,1
DA:541,1
DA:543,1
LF:178
LH:171
BRDA:20,0,0,196
BRDA:54,1,0,24
BRDA:54,1,1,6
BRDA:56,2,0,24
BRDA:60,3,0,0
BRDA:60,3,1,24
BRDA:61,4,0,24
BRDA:61,4,1,6
BRDA:73,5,0,0
BRDA:83,6,0,24
BRDA:83,6,1,6
BRDA:106,7,0,21
BRDA:106,8,0,47
BRDA:106,8,1,46
BRDA:110,9,0,4
BRDA:110,9,1,1
BRDA:110,10,0,4
BRDA:110,10,1,3
BRDA:113,11,0,1
BRDA:128,12,0,92
BRDA:128,12,1,11
BRDA:130,13,0,2
BRDA:130,14,0,25
BRDA:130,14,1,2
BRDA:147,15,0,19
BRDA:148,16,0,1
BRDA:157,17,0,9
BRDA:157,17,1,9
BRDA:175,18,0,0
BRDA:175,19,0,19
BRDA:175,19,1,1
BRDA:212,20,0,1024
BRDA:212,20,1,0
BRDA:212,21,0,1024
BRDA:212,21,1,1
BRDA:213,22,0,676
BRDA:213,23,0,1024
BRDA:213,23,1,676
BRDA:213,24,0,1024
BRDA:213,24,1,1
BRDA:214,25,0,1023
BRDA:214,25,1,1
BRDA:214,26,0,348
BRDA:214,26,1,675
BRDA:216,27,0,116
BRDA:216,27,1,908
BRDA:218,28,0,15
BRDA:218,28,1,126
BRDA:261,29,0,10
BRDA:261,29,1,15
BRDA:262,30,0,10
BRDA:262,30,1,15
BRDA:295,31,0,1
BRDA:302,32,0,60
BRDA:302,32,1,440
BRDA:304,33,0,178
BRDA:304,33,1,322
BRDA:319,34,0,4
BRDA:319,34,1,4
BRDA:336,35,0,482
BRDA:336,35,1,61
BRDA:336,36,0,482
BRDA:336,36,1,0
BRDA:346,37,0,61
BRDA:347,38,0,61
BRDA:347,38,1,0
BRDA:348,39,0,61
BRDA:348,39,1,0
BRDA:351,40,0,172
BRDA:355,41,0,48
BRDA:359,42,0,9
BRDA:359,42,1,53
BRDA:425,43,0,111
BRDA:425,43,1,115
BRDA:425,43,2,7
BRDA:425,43,3,8
BRDA:425,43,4,1
BRDA:434,44,0,7
BRDA:434,44,1,4
BRDA:434,44,2,4
BRDA:444,45,0,8
BRDA:444,45,1,4
BRDA:444,45,2,4
BRDA:455,46,0,2
BRDA:455,46,1,314
BRDA:459,47,0,2
BRDA:461,48,0,316
BRDA:461,48,1,0
BRDA:471,49,0,158
BRDA:472,50,0,509
BRDA:472,50,1,1
BRDA:474,51,0,118
BRDA:474,52,0,509
BRDA:474,52,1,449
BRDA:482,53,0,114
BRDA:492,54,0,103
BRDA:492,54,1,288
BRDA:502,55,0,2
BRDA:502,55,1,7
BRDA:507,56,0,173
BRDA:507,56,1,1
BRDA:511,57,0,202
BRDA:511,57,1,1
BRDA:515,58,0,27
BRDA:515,58,1,1
BRDA:517,59,0,27
BRDA:517,59,1,18
BRF:107
BRH:99
end_of_record
TN:
SF:libs/ledgerjs/packages/hw-app-trx/src/services/loadConfig.ts
FN:11,getLoadConfig
FNF:1
FNH:1
FNDA:84,getLoadConfig
DA:3,3
DA:11,3
DA:12,84
LF:3
LH:3
BRF:0
BRH:0
end_of_record
TN:
SF:libs/ledgerjs/packages/hw-app-trx/src/services/trc20.ts
FN:7,(anonymous_1)
FN:12,(anonymous_2)
FN:22,(anonymous_3)
FN:28,(anonymous_4)
FN:39,(anonymous_5)
FN:70,(anonymous_6)
FN:106,(anonymous_7)
FN:107,(anonymous_8)
FN:113,(anonymous_9)
FN:115,(anonymous_10)
FNF:10
FNH:8
FNDA:11,(anonymous_1)
FNDA:42,(anonymous_2)
FNDA:0,(anonymous_3)
FNDA:42,(anonymous_4)
FNDA:6,(anonymous_5)
FNDA:1,(anonymous_6)
FNDA:0,(anonymous_7)
FNDA:6,(anonymous_8)
FNDA:3,(anonymous_9)
FNDA:6,(anonymous_10)
DA:1,3
DA:2,3
DA:3,3
DA:4,3
DA:7,3
DA:8,11
DA:9,11
DA:12,3
DA:16,42
DA:17,42
DA:19,42
DA:20,42
DA:23,0
DA:24,0
DA:26,0
DA:29,42
DA:30,42
DA:33,42
DA:39,3
DA:45,6
DA:46,0
DA:47,0
DA:49,0
DA:54,6
DA:70,3
DA:71,1
DA:72,1
DA:73,1
DA:74,1
DA:76,1
DA:77,5
DA:78,5
DA:79,5
DA:80,5
DA:81,5
DA:82,5
DA:83,5
DA:84,5
DA:85,5
DA:86,5
DA:87,5
DA:88,5
DA:89,5
DA:90,5
DA:91,5
DA:92,5
DA:100,5
DA:101,5
DA:102,5
DA:105,1
DA:106,0
DA:108,6
DA:113,3
DA:114,3
DA:115,3
DA:116,6
DA:118,1
DA:119,1
DA:121,1
DA:122,1
DA:123,1
LF:61
LH:54
BRDA:9,0,0,6
BRDA:9,0,1,5
BRDA:17,1,0,0
BRDA:23,2,0,0
BRDA:23,3,0,0
BRDA:23,3,1,0
BRDA:45,4,0,0
BRDA:116,5,0,5
BRDA:119,6,0,0
BRF:9
BRH:3
end_of_record
